# ELBREAD: Elaboration process.
# ELBREAD: Elaboration time 0.7 [s].
asim -O5 +access +r PipelinedCPU_tb tb
# ELBREAD: Elaboration process.
# ELBREAD: Elaboration time 0.1 [s].
# VSIM: Stack memory: 32MB
# VSIM: Retval memory: 32MB
# 
# KERNEL: Main thread initiated.
# KERNEL: Kernel process initialization phase.
# ELAB2: Elaboration final pass...
# ELAB2: Create instances ...
# KERNEL: Time resolution set to 1ps.
# ELAB2: Create instances complete.
# SLP: Started
# SLP: Elaboration phase ...
# SLP: Elaboration phase ... skipped, nothing to simulate in SLP mode : 0.0 [s]
# SLP: Finished : 0.0 [s]
# ELAB2: Elaboration final pass complete - time: 0.6 [s].
# KERNEL: Warning: You are using the Active-HDL Student Edition. The performance of simulation is running at a reduced rate.
# KERNEL: Warning: Contact Aldec for available upgrade options - sales@aldec.com.
# KERNEL: Kernel process initialization done.
# Allocation: Simulator allocated 7348 kB (elbread=1280 elab2=5924 kernel=143 sdf=0)
# KERNEL: ASDB file was created in location C:\Users\champ\OneDrive\Fall 2021\ESE 345\Programming Assignments\Project 1\FinalProject\PipelinedMultimediaUintDesign\src\wave.asdb
#  1:57 PM, Thursday, December 2, 2021
#  Simulation has been initialized
run 2100 ns
# KERNEL: WARNING: NUMERIC_STD.TO_INTEGER: metavalue detected, returning 0
# KERNEL: Time: 0 ps,  Iteration: 0,  Instance: /PipelinedCPU_tb/UUT/u4,  Process: read.
# KERNEL: WARNING: NUMERIC_STD.TO_INTEGER: metavalue detected, returning 0
# KERNEL: Time: 0 ps,  Iteration: 0,  Instance: /PipelinedCPU_tb/UUT/u4,  Process: read.
# KERNEL: WARNING: NUMERIC_STD.TO_INTEGER: metavalue detected, returning 0
# KERNEL: Time: 0 ps,  Iteration: 0,  Instance: /PipelinedCPU_tb/UUT/u4,  Process: read.
# KERNEL: WARNING: NUMERIC_STD.TO_INTEGER: metavalue detected, returning 0
# KERNEL: Time: 0 ps,  Iteration: 0,  Instance: /PipelinedCPU_tb/UUT/u6,  Process: decode.
# KERNEL: WARNING: NUMERIC_STD.TO_INTEGER: metavalue detected, returning 0
# KERNEL: Time: 0 ps,  Iteration: 0,  Instance: /PipelinedCPU_tb/UUT/u7,  Process: computation.
# KERNEL: WARNING: NUMERIC_STD.TO_INTEGER: metavalue detected, returning 0
# KERNEL: Time: 0 ps,  Iteration: 0,  Instance: /PipelinedCPU_tb/UUT/u7,  Process: computation.
# KERNEL: WARNING: NUMERIC_STD.TO_INTEGER: metavalue detected, returning 0
# KERNEL: Time: 0 ps,  Iteration: 0,  Instance: /PipelinedCPU_tb/UUT/u7,  Process: computation.
# KERNEL: WARNING: NUMERIC_STD.TO_INTEGER: metavalue detected, returning 0
# KERNEL: Time: 0 ps,  Iteration: 1,  Instance: /PipelinedCPU_tb/UUT/u6,  Process: decode.
# KERNEL: WARNING: NUMERIC_STD.TO_INTEGER: metavalue detected, returning 0
# KERNEL: Time: 0 ps,  Iteration: 1,  Instance: /PipelinedCPU_tb/UUT/u7,  Process: computation.
# KERNEL: WARNING: NUMERIC_STD.TO_INTEGER: metavalue detected, returning 0
# KERNEL: Time: 0 ps,  Iteration: 1,  Instance: /PipelinedCPU_tb/UUT/u7,  Process: computation.
# KERNEL: WARNING: NUMERIC_STD.TO_INTEGER: metavalue detected, returning 0
# KERNEL: Time: 0 ps,  Iteration: 1,  Instance: /PipelinedCPU_tb/UUT/u7,  Process: computation.
# KERNEL: WARNING: NUMERIC_STD.TO_INTEGER: metavalue detected, returning 0
# KERNEL: Time: 40 ns,  Iteration: 2,  Instance: /PipelinedCPU_tb/UUT/u4,  Process: read.
# KERNEL: WARNING: NUMERIC_STD.TO_INTEGER: metavalue detected, returning 0
# KERNEL: Time: 40 ns,  Iteration: 2,  Instance: /PipelinedCPU_tb/UUT/u4,  Process: read.
# KERNEL: WARNING: NUMERIC_STD.TO_INTEGER: metavalue detected, returning 0
# KERNEL: Time: 40 ns,  Iteration: 2,  Instance: /PipelinedCPU_tb/UUT/u4,  Process: read.
# KERNEL: WARNING: NUMERIC_STD.TO_INTEGER: metavalue detected, returning 0
# KERNEL: Time: 40 ns,  Iteration: 3,  Instance: /PipelinedCPU_tb/UUT/u6,  Process: decode.
# KERNEL: WARNING: NUMERIC_STD.TO_INTEGER: metavalue detected, returning 0
# KERNEL: Time: 40 ns,  Iteration: 4,  Instance: /PipelinedCPU_tb/UUT/u7,  Process: computation.
# KERNEL: WARNING: NUMERIC_STD.TO_INTEGER: metavalue detected, returning 0
# KERNEL: Time: 40 ns,  Iteration: 4,  Instance: /PipelinedCPU_tb/UUT/u7,  Process: computation.
# KERNEL: WARNING: NUMERIC_STD.TO_INTEGER: metavalue detected, returning 0
# KERNEL: Time: 40 ns,  Iteration: 4,  Instance: /PipelinedCPU_tb/UUT/u7,  Process: computation.
# KERNEL: WARNING: NUMERIC_STD.TO_INTEGER: metavalue detected, returning 0
# KERNEL: Time: 120 ns,  Iteration: 1,  Instance: /PipelinedCPU_tb/UUT/u4,  Process: write.
# KERNEL: WARNING: NUMERIC_STD.TO_INTEGER: metavalue detected, returning 0
# KERNEL: Time: 1 us,  Iteration: 2,  Instance: /PipelinedCPU_tb/UUT/u7,  Process: computation.
# KERNEL: WARNING: NUMERIC_STD.TO_INTEGER: metavalue detected, returning 0
# KERNEL: Time: 1 us,  Iteration: 2,  Instance: /PipelinedCPU_tb/UUT/u7,  Process: computation.
# KERNEL: WARNING: NUMERIC_STD.">": metavalue detected, returning FALSE
# KERNEL: Time: 1160 ns,  Iteration: 3,  Instance: /PipelinedCPU_tb/UUT/u7,  Process: computation.
# KERNEL: WARNING: NUMERIC_STD."<": metavalue detected, returning FALSE
# KERNEL: Time: 1160 ns,  Iteration: 3,  Instance: /PipelinedCPU_tb/UUT/u7,  Process: computation.
# KERNEL: WARNING: NUMERIC_STD.">": metavalue detected, returning FALSE
# KERNEL: Time: 1160 ns,  Iteration: 3,  Instance: /PipelinedCPU_tb/UUT/u7,  Process: computation.
# KERNEL: WARNING: NUMERIC_STD."<": metavalue detected, returning FALSE
# KERNEL: Time: 1160 ns,  Iteration: 3,  Instance: /PipelinedCPU_tb/UUT/u7,  Process: computation.
# KERNEL: WARNING: NUMERIC_STD.">": metavalue detected, returning FALSE
# KERNEL: Time: 1360 ns,  Iteration: 3,  Instance: /PipelinedCPU_tb/UUT/u7,  Process: computation.
# KERNEL: WARNING: NUMERIC_STD."<": metavalue detected, returning FALSE
# KERNEL: Time: 1360 ns,  Iteration: 3,  Instance: /PipelinedCPU_tb/UUT/u7,  Process: computation.
# KERNEL: WARNING: NUMERIC_STD.">": metavalue detected, returning FALSE
# KERNEL: Time: 1360 ns,  Iteration: 3,  Instance: /PipelinedCPU_tb/UUT/u7,  Process: computation.
# KERNEL: WARNING: NUMERIC_STD."<": metavalue detected, returning FALSE
# KERNEL: Time: 1360 ns,  Iteration: 3,  Instance: /PipelinedCPU_tb/UUT/u7,  Process: computation.
# KERNEL: WARNING: NUMERIC_STD.TO_INTEGER: metavalue detected, returning 0
# KERNEL: Time: 1920 ns,  Iteration: 2,  Instance: /PipelinedCPU_tb/UUT/u4,  Process: read.
# KERNEL: WARNING: NUMERIC_STD.TO_INTEGER: metavalue detected, returning 0
# KERNEL: Time: 1920 ns,  Iteration: 2,  Instance: /PipelinedCPU_tb/UUT/u4,  Process: read.
# KERNEL: WARNING: NUMERIC_STD.TO_INTEGER: metavalue detected, returning 0
# KERNEL: Time: 1920 ns,  Iteration: 2,  Instance: /PipelinedCPU_tb/UUT/u4,  Process: read.
# KERNEL: WARNING: NUMERIC_STD.TO_INTEGER: metavalue detected, returning 0
# KERNEL: Time: 1960 ns,  Iteration: 2,  Instance: /PipelinedCPU_tb/UUT/u4,  Process: read.
# KERNEL: WARNING: NUMERIC_STD.TO_INTEGER: metavalue detected, returning 0
# KERNEL: Time: 1960 ns,  Iteration: 2,  Instance: /PipelinedCPU_tb/UUT/u4,  Process: read.
# KERNEL: WARNING: NUMERIC_STD.TO_INTEGER: metavalue detected, returning 0
# KERNEL: Time: 1960 ns,  Iteration: 2,  Instance: /PipelinedCPU_tb/UUT/u4,  Process: read.
# KERNEL: WARNING: NUMERIC_STD.TO_INTEGER: metavalue detected, returning 0
# KERNEL: Time: 2040 ns,  Iteration: 1,  Instance: /PipelinedCPU_tb/UUT/u4,  Process: write.
# KERNEL: stopped at time: 2100 ns
endsim
# VSIM: Simulation has finished.
asim -O5 +access +r PipelinedCPU_tb tb
# ELBREAD: Elaboration process.
# ELBREAD: Elaboration time 0.0 [s].
# VSIM: Stack memory: 32MB
# VSIM: Retval memory: 32MB
# 
acom -O3 -e 100 -work pipelinedmultimediauintdesign -2008  $dsn/src/PipelinedCPU_tb.vhd
# Warning: DAGGEN_0523: The source is compiled without the -dbg switch. Line breakpoints and assertion debug will not be available.
# File: C:/Users/champ/OneDrive/Fall 2021/ESE 345/Programming Assignments/Project 1/FinalProject/PipelinedMultimediaUintDesign/src/PipelinedCPU_tb.vhd
# Compile Entity "PipelinedCPU_tb"
# Compile Architecture "tb" of Entity "PipelinedCPU_tb"
# Compile success 0 Errors 0 Warnings  Analysis time :  0.1 [s]
# ELBREAD: Elaboration process.
# ELBREAD: Elaboration time 0.0 [s].
# KERNEL: Main thread initiated.
# KERNEL: Kernel process initialization phase.
# ELAB2: Elaboration final pass...
# ELAB2: Create instances ...
# KERNEL: Time resolution set to 1ps.
# ELAB2: Create instances complete.
# SLP: Started
# SLP: Elaboration phase ...
# SLP: Elaboration phase ... skipped, nothing to simulate in SLP mode : 0.0 [s]
# SLP: Finished : 0.0 [s]
# ELAB2: Elaboration final pass complete - time: 0.0 [s].
# KERNEL: Warning: You are using the Active-HDL Student Edition. The performance of simulation is running at a reduced rate.
# KERNEL: Warning: Contact Aldec for available upgrade options - sales@aldec.com.
# KERNEL: Kernel process initialization done.
# Allocation: Simulator allocated 7348 kB (elbread=1280 elab2=5924 kernel=143 sdf=0)
# KERNEL: ASDB file was created in location C:\Users\champ\OneDrive\Fall 2021\ESE 345\Programming Assignments\Project 1\FinalProject\PipelinedMultimediaUintDesign\src\wave.asdb
#  1:59 PM, Thursday, December 2, 2021
#  Simulation has been initialized
run 2100 ns
# KERNEL: WARNING: NUMERIC_STD.TO_INTEGER: metavalue detected, returning 0
# KERNEL: Time: 0 ps,  Iteration: 0,  Instance: /PipelinedCPU_tb/UUT/u4,  Process: read.
# KERNEL: WARNING: NUMERIC_STD.TO_INTEGER: metavalue detected, returning 0
# KERNEL: Time: 0 ps,  Iteration: 0,  Instance: /PipelinedCPU_tb/UUT/u4,  Process: read.
# KERNEL: WARNING: NUMERIC_STD.TO_INTEGER: metavalue detected, returning 0
# KERNEL: Time: 0 ps,  Iteration: 0,  Instance: /PipelinedCPU_tb/UUT/u4,  Process: read.
# KERNEL: WARNING: NUMERIC_STD.TO_INTEGER: metavalue detected, returning 0
# KERNEL: Time: 0 ps,  Iteration: 0,  Instance: /PipelinedCPU_tb/UUT/u6,  Process: decode.
# KERNEL: WARNING: NUMERIC_STD.TO_INTEGER: metavalue detected, returning 0
# KERNEL: Time: 0 ps,  Iteration: 0,  Instance: /PipelinedCPU_tb/UUT/u7,  Process: computation.
# KERNEL: WARNING: NUMERIC_STD.TO_INTEGER: metavalue detected, returning 0
# KERNEL: Time: 0 ps,  Iteration: 0,  Instance: /PipelinedCPU_tb/UUT/u7,  Process: computation.
# KERNEL: WARNING: NUMERIC_STD.TO_INTEGER: metavalue detected, returning 0
# KERNEL: Time: 0 ps,  Iteration: 0,  Instance: /PipelinedCPU_tb/UUT/u7,  Process: computation.
# KERNEL: WARNING: NUMERIC_STD.TO_INTEGER: metavalue detected, returning 0
# KERNEL: Time: 0 ps,  Iteration: 1,  Instance: /PipelinedCPU_tb/UUT/u6,  Process: decode.
# KERNEL: WARNING: NUMERIC_STD.TO_INTEGER: metavalue detected, returning 0
# KERNEL: Time: 0 ps,  Iteration: 1,  Instance: /PipelinedCPU_tb/UUT/u7,  Process: computation.
# KERNEL: WARNING: NUMERIC_STD.TO_INTEGER: metavalue detected, returning 0
# KERNEL: Time: 0 ps,  Iteration: 1,  Instance: /PipelinedCPU_tb/UUT/u7,  Process: computation.
# KERNEL: WARNING: NUMERIC_STD.TO_INTEGER: metavalue detected, returning 0
# KERNEL: Time: 0 ps,  Iteration: 1,  Instance: /PipelinedCPU_tb/UUT/u7,  Process: computation.
# KERNEL: WARNING: NUMERIC_STD.TO_INTEGER: metavalue detected, returning 0
# KERNEL: Time: 40 ns,  Iteration: 2,  Instance: /PipelinedCPU_tb/UUT/u4,  Process: read.
# KERNEL: WARNING: NUMERIC_STD.TO_INTEGER: metavalue detected, returning 0
# KERNEL: Time: 40 ns,  Iteration: 2,  Instance: /PipelinedCPU_tb/UUT/u4,  Process: read.
# KERNEL: WARNING: NUMERIC_STD.TO_INTEGER: metavalue detected, returning 0
# KERNEL: Time: 40 ns,  Iteration: 2,  Instance: /PipelinedCPU_tb/UUT/u4,  Process: read.
# KERNEL: WARNING: NUMERIC_STD.TO_INTEGER: metavalue detected, returning 0
# KERNEL: Time: 40 ns,  Iteration: 3,  Instance: /PipelinedCPU_tb/UUT/u6,  Process: decode.
# KERNEL: WARNING: NUMERIC_STD.TO_INTEGER: metavalue detected, returning 0
# KERNEL: Time: 40 ns,  Iteration: 4,  Instance: /PipelinedCPU_tb/UUT/u7,  Process: computation.
# KERNEL: WARNING: NUMERIC_STD.TO_INTEGER: metavalue detected, returning 0
# KERNEL: Time: 40 ns,  Iteration: 4,  Instance: /PipelinedCPU_tb/UUT/u7,  Process: computation.
# KERNEL: WARNING: NUMERIC_STD.TO_INTEGER: metavalue detected, returning 0
# KERNEL: Time: 40 ns,  Iteration: 4,  Instance: /PipelinedCPU_tb/UUT/u7,  Process: computation.
# KERNEL: WARNING: NUMERIC_STD.TO_INTEGER: metavalue detected, returning 0
# KERNEL: Time: 120 ns,  Iteration: 1,  Instance: /PipelinedCPU_tb/UUT/u4,  Process: write.
# KERNEL: WARNING: NUMERIC_STD.TO_INTEGER: metavalue detected, returning 0
# KERNEL: Time: 1 us,  Iteration: 2,  Instance: /PipelinedCPU_tb/UUT/u7,  Process: computation.
# KERNEL: WARNING: NUMERIC_STD.TO_INTEGER: metavalue detected, returning 0
# KERNEL: Time: 1 us,  Iteration: 2,  Instance: /PipelinedCPU_tb/UUT/u7,  Process: computation.
# KERNEL: WARNING: NUMERIC_STD.">": metavalue detected, returning FALSE
# KERNEL: Time: 1160 ns,  Iteration: 3,  Instance: /PipelinedCPU_tb/UUT/u7,  Process: computation.
# KERNEL: WARNING: NUMERIC_STD."<": metavalue detected, returning FALSE
# KERNEL: Time: 1160 ns,  Iteration: 3,  Instance: /PipelinedCPU_tb/UUT/u7,  Process: computation.
# KERNEL: WARNING: NUMERIC_STD.">": metavalue detected, returning FALSE
# KERNEL: Time: 1160 ns,  Iteration: 3,  Instance: /PipelinedCPU_tb/UUT/u7,  Process: computation.
# KERNEL: WARNING: NUMERIC_STD."<": metavalue detected, returning FALSE
# KERNEL: Time: 1160 ns,  Iteration: 3,  Instance: /PipelinedCPU_tb/UUT/u7,  Process: computation.
# KERNEL: WARNING: NUMERIC_STD.">": metavalue detected, returning FALSE
# KERNEL: Time: 1360 ns,  Iteration: 3,  Instance: /PipelinedCPU_tb/UUT/u7,  Process: computation.
# KERNEL: WARNING: NUMERIC_STD."<": metavalue detected, returning FALSE
# KERNEL: Time: 1360 ns,  Iteration: 3,  Instance: /PipelinedCPU_tb/UUT/u7,  Process: computation.
# KERNEL: WARNING: NUMERIC_STD.">": metavalue detected, returning FALSE
# KERNEL: Time: 1360 ns,  Iteration: 3,  Instance: /PipelinedCPU_tb/UUT/u7,  Process: computation.
# KERNEL: WARNING: NUMERIC_STD."<": metavalue detected, returning FALSE
# KERNEL: Time: 1360 ns,  Iteration: 3,  Instance: /PipelinedCPU_tb/UUT/u7,  Process: computation.
# KERNEL: stopped at time: 2100 ns
endsim
# VSIM: Simulation has finished.
asim -O5 +access +r PipelinedCPU_tb tb
# ELBREAD: Elaboration process.
# ELBREAD: Elaboration time 0.1 [s].
# VSIM: Stack memory: 32MB
# VSIM: Retval memory: 32MB
# 
acom -O3 -e 100 -work pipelinedmultimediauintdesign -2008  $dsn/src/PipelinedCPU_tb.vhd
# Warning: DAGGEN_0523: The source is compiled without the -dbg switch. Line breakpoints and assertion debug will not be available.
# File: C:/Users/champ/OneDrive/Fall 2021/ESE 345/Programming Assignments/Project 1/FinalProject/PipelinedMultimediaUintDesign/src/PipelinedCPU_tb.vhd
# Compile Entity "PipelinedCPU_tb"
# Compile Architecture "tb" of Entity "PipelinedCPU_tb"
# Compile success 0 Errors 0 Warnings  Analysis time :  0.1 [s]
# ELBREAD: Elaboration process.
# ELBREAD: Elaboration time 0.0 [s].
# KERNEL: Main thread initiated.
# KERNEL: Kernel process initialization phase.
# ELAB2: Elaboration final pass...
# ELAB2: Create instances ...
# KERNEL: Time resolution set to 1ps.
# ELAB2: Create instances complete.
# SLP: Started
# SLP: Elaboration phase ...
# SLP: Elaboration phase ... skipped, nothing to simulate in SLP mode : 0.0 [s]
# SLP: Finished : 0.0 [s]
# ELAB2: Elaboration final pass complete - time: 0.1 [s].
# KERNEL: Warning: You are using the Active-HDL Student Edition. The performance of simulation is running at a reduced rate.
# KERNEL: Warning: Contact Aldec for available upgrade options - sales@aldec.com.
# KERNEL: Kernel process initialization done.
# Allocation: Simulator allocated 7348 kB (elbread=1280 elab2=5924 kernel=143 sdf=0)
# KERNEL: ASDB file was created in location C:\Users\champ\OneDrive\Fall 2021\ESE 345\Programming Assignments\Project 1\FinalProject\PipelinedMultimediaUintDesign\src\wave.asdb
#  1:59 PM, Thursday, December 2, 2021
#  Simulation has been initialized
run 2100 ns
# KERNEL: WARNING: NUMERIC_STD.TO_INTEGER: metavalue detected, returning 0
# KERNEL: Time: 0 ps,  Iteration: 0,  Instance: /PipelinedCPU_tb/UUT/u4,  Process: read.
# KERNEL: WARNING: NUMERIC_STD.TO_INTEGER: metavalue detected, returning 0
# KERNEL: Time: 0 ps,  Iteration: 0,  Instance: /PipelinedCPU_tb/UUT/u4,  Process: read.
# KERNEL: WARNING: NUMERIC_STD.TO_INTEGER: metavalue detected, returning 0
# KERNEL: Time: 0 ps,  Iteration: 0,  Instance: /PipelinedCPU_tb/UUT/u4,  Process: read.
# KERNEL: WARNING: NUMERIC_STD.TO_INTEGER: metavalue detected, returning 0
# KERNEL: Time: 0 ps,  Iteration: 0,  Instance: /PipelinedCPU_tb/UUT/u6,  Process: decode.
# KERNEL: WARNING: NUMERIC_STD.TO_INTEGER: metavalue detected, returning 0
# KERNEL: Time: 0 ps,  Iteration: 0,  Instance: /PipelinedCPU_tb/UUT/u7,  Process: computation.
# KERNEL: WARNING: NUMERIC_STD.TO_INTEGER: metavalue detected, returning 0
# KERNEL: Time: 0 ps,  Iteration: 0,  Instance: /PipelinedCPU_tb/UUT/u7,  Process: computation.
# KERNEL: WARNING: NUMERIC_STD.TO_INTEGER: metavalue detected, returning 0
# KERNEL: Time: 0 ps,  Iteration: 0,  Instance: /PipelinedCPU_tb/UUT/u7,  Process: computation.
# KERNEL: WARNING: NUMERIC_STD.TO_INTEGER: metavalue detected, returning 0
# KERNEL: Time: 0 ps,  Iteration: 1,  Instance: /PipelinedCPU_tb/UUT/u6,  Process: decode.
# KERNEL: WARNING: NUMERIC_STD.TO_INTEGER: metavalue detected, returning 0
# KERNEL: Time: 0 ps,  Iteration: 1,  Instance: /PipelinedCPU_tb/UUT/u7,  Process: computation.
# KERNEL: WARNING: NUMERIC_STD.TO_INTEGER: metavalue detected, returning 0
# KERNEL: Time: 0 ps,  Iteration: 1,  Instance: /PipelinedCPU_tb/UUT/u7,  Process: computation.
# KERNEL: WARNING: NUMERIC_STD.TO_INTEGER: metavalue detected, returning 0
# KERNEL: Time: 0 ps,  Iteration: 1,  Instance: /PipelinedCPU_tb/UUT/u7,  Process: computation.
# KERNEL: WARNING: NUMERIC_STD.TO_INTEGER: metavalue detected, returning 0
# KERNEL: Time: 40 ns,  Iteration: 2,  Instance: /PipelinedCPU_tb/UUT/u4,  Process: read.
# KERNEL: WARNING: NUMERIC_STD.TO_INTEGER: metavalue detected, returning 0
# KERNEL: Time: 40 ns,  Iteration: 2,  Instance: /PipelinedCPU_tb/UUT/u4,  Process: read.
# KERNEL: WARNING: NUMERIC_STD.TO_INTEGER: metavalue detected, returning 0
# KERNEL: Time: 40 ns,  Iteration: 2,  Instance: /PipelinedCPU_tb/UUT/u4,  Process: read.
# KERNEL: WARNING: NUMERIC_STD.TO_INTEGER: metavalue detected, returning 0
# KERNEL: Time: 40 ns,  Iteration: 3,  Instance: /PipelinedCPU_tb/UUT/u6,  Process: decode.
# KERNEL: WARNING: NUMERIC_STD.TO_INTEGER: metavalue detected, returning 0
# KERNEL: Time: 40 ns,  Iteration: 4,  Instance: /PipelinedCPU_tb/UUT/u7,  Process: computation.
# KERNEL: WARNING: NUMERIC_STD.TO_INTEGER: metavalue detected, returning 0
# KERNEL: Time: 40 ns,  Iteration: 4,  Instance: /PipelinedCPU_tb/UUT/u7,  Process: computation.
# KERNEL: WARNING: NUMERIC_STD.TO_INTEGER: metavalue detected, returning 0
# KERNEL: Time: 40 ns,  Iteration: 4,  Instance: /PipelinedCPU_tb/UUT/u7,  Process: computation.
# KERNEL: WARNING: NUMERIC_STD.TO_INTEGER: metavalue detected, returning 0
# KERNEL: Time: 120 ns,  Iteration: 1,  Instance: /PipelinedCPU_tb/UUT/u4,  Process: write.
# KERNEL: WARNING: NUMERIC_STD.TO_INTEGER: metavalue detected, returning 0
# KERNEL: Time: 1 us,  Iteration: 2,  Instance: /PipelinedCPU_tb/UUT/u7,  Process: computation.
# KERNEL: WARNING: NUMERIC_STD.TO_INTEGER: metavalue detected, returning 0
# KERNEL: Time: 1 us,  Iteration: 2,  Instance: /PipelinedCPU_tb/UUT/u7,  Process: computation.
# KERNEL: WARNING: NUMERIC_STD.">": metavalue detected, returning FALSE
# KERNEL: Time: 1160 ns,  Iteration: 3,  Instance: /PipelinedCPU_tb/UUT/u7,  Process: computation.
# KERNEL: WARNING: NUMERIC_STD."<": metavalue detected, returning FALSE
# KERNEL: Time: 1160 ns,  Iteration: 3,  Instance: /PipelinedCPU_tb/UUT/u7,  Process: computation.
# KERNEL: WARNING: NUMERIC_STD.">": metavalue detected, returning FALSE
# KERNEL: Time: 1160 ns,  Iteration: 3,  Instance: /PipelinedCPU_tb/UUT/u7,  Process: computation.
# KERNEL: WARNING: NUMERIC_STD."<": metavalue detected, returning FALSE
# KERNEL: Time: 1160 ns,  Iteration: 3,  Instance: /PipelinedCPU_tb/UUT/u7,  Process: computation.
# KERNEL: WARNING: NUMERIC_STD.">": metavalue detected, returning FALSE
# KERNEL: Time: 1360 ns,  Iteration: 3,  Instance: /PipelinedCPU_tb/UUT/u7,  Process: computation.
# KERNEL: WARNING: NUMERIC_STD."<": metavalue detected, returning FALSE
# KERNEL: Time: 1360 ns,  Iteration: 3,  Instance: /PipelinedCPU_tb/UUT/u7,  Process: computation.
# KERNEL: WARNING: NUMERIC_STD.">": metavalue detected, returning FALSE
# KERNEL: Time: 1360 ns,  Iteration: 3,  Instance: /PipelinedCPU_tb/UUT/u7,  Process: computation.
# KERNEL: WARNING: NUMERIC_STD."<": metavalue detected, returning FALSE
# KERNEL: Time: 1360 ns,  Iteration: 3,  Instance: /PipelinedCPU_tb/UUT/u7,  Process: computation.
# KERNEL: WARNING: NUMERIC_STD.TO_INTEGER: metavalue detected, returning 0
# KERNEL: Time: 1920 ns,  Iteration: 2,  Instance: /PipelinedCPU_tb/UUT/u4,  Process: read.
# KERNEL: WARNING: NUMERIC_STD.TO_INTEGER: metavalue detected, returning 0
# KERNEL: Time: 1920 ns,  Iteration: 2,  Instance: /PipelinedCPU_tb/UUT/u4,  Process: read.
# KERNEL: WARNING: NUMERIC_STD.TO_INTEGER: metavalue detected, returning 0
# KERNEL: Time: 1920 ns,  Iteration: 2,  Instance: /PipelinedCPU_tb/UUT/u4,  Process: read.
# KERNEL: WARNING: NUMERIC_STD.TO_INTEGER: metavalue detected, returning 0
# KERNEL: Time: 1960 ns,  Iteration: 2,  Instance: /PipelinedCPU_tb/UUT/u4,  Process: read.
# KERNEL: WARNING: NUMERIC_STD.TO_INTEGER: metavalue detected, returning 0
# KERNEL: Time: 1960 ns,  Iteration: 2,  Instance: /PipelinedCPU_tb/UUT/u4,  Process: read.
# KERNEL: WARNING: NUMERIC_STD.TO_INTEGER: metavalue detected, returning 0
# KERNEL: Time: 1960 ns,  Iteration: 2,  Instance: /PipelinedCPU_tb/UUT/u4,  Process: read.
# KERNEL: WARNING: NUMERIC_STD.TO_INTEGER: metavalue detected, returning 0
# KERNEL: Time: 2040 ns,  Iteration: 1,  Instance: /PipelinedCPU_tb/UUT/u4,  Process: write.
# KERNEL: stopped at time: 2100 ns
endsim
# VSIM: Simulation has finished.
asim -O5 +access +r PipelinedCPU_tb tb
# ELBREAD: Elaboration process.
# ELBREAD: Elaboration time 0.1 [s].
# VSIM: Stack memory: 32MB
# VSIM: Retval memory: 32MB
# 
# KERNEL: Main thread initiated.
# KERNEL: Kernel process initialization phase.
# ELAB2: Elaboration final pass...
# ELAB2: Create instances ...
# KERNEL: Time resolution set to 1ps.
# ELAB2: Create instances complete.
# SLP: Started
# SLP: Elaboration phase ...
# SLP: Elaboration phase ... skipped, nothing to simulate in SLP mode : 0.0 [s]
# SLP: Finished : 0.0 [s]
# ELAB2: Elaboration final pass complete - time: 0.1 [s].
# KERNEL: Warning: You are using the Active-HDL Student Edition. The performance of simulation is running at a reduced rate.
# KERNEL: Warning: Contact Aldec for available upgrade options - sales@aldec.com.
# KERNEL: Kernel process initialization done.
# Allocation: Simulator allocated 7348 kB (elbread=1280 elab2=5924 kernel=143 sdf=0)
# KERNEL: ASDB file was created in location C:\Users\champ\OneDrive\Fall 2021\ESE 345\Programming Assignments\Project 1\FinalProject\PipelinedMultimediaUintDesign\src\wave.asdb
#  3:03 PM, Thursday, December 2, 2021
#  Simulation has been initialized
# 1 signal(s) traced.
# Waveform file 'untitled.awc' connected to 'C:/Users/champ/OneDrive/Fall 2021/ESE 345/Programming Assignments/Project 1/FinalProject/PipelinedMultimediaUintDesign/src/wave.asdb'.
# 1 signal(s) traced.
# 1 signal(s) traced.
# 1 signal(s) traced.
run 2100 ns
# KERNEL: WARNING: NUMERIC_STD.TO_INTEGER: metavalue detected, returning 0
# KERNEL: Time: 0 ps,  Iteration: 0,  Instance: /PipelinedCPU_tb/UUT/u4,  Process: read.
# KERNEL: WARNING: NUMERIC_STD.TO_INTEGER: metavalue detected, returning 0
# KERNEL: Time: 0 ps,  Iteration: 0,  Instance: /PipelinedCPU_tb/UUT/u4,  Process: read.
# KERNEL: WARNING: NUMERIC_STD.TO_INTEGER: metavalue detected, returning 0
# KERNEL: Time: 0 ps,  Iteration: 0,  Instance: /PipelinedCPU_tb/UUT/u4,  Process: read.
# KERNEL: WARNING: NUMERIC_STD.TO_INTEGER: metavalue detected, returning 0
# KERNEL: Time: 0 ps,  Iteration: 0,  Instance: /PipelinedCPU_tb/UUT/u6,  Process: decode.
# KERNEL: WARNING: NUMERIC_STD.TO_INTEGER: metavalue detected, returning 0
# KERNEL: Time: 0 ps,  Iteration: 0,  Instance: /PipelinedCPU_tb/UUT/u7,  Process: computation.
# KERNEL: WARNING: NUMERIC_STD.TO_INTEGER: metavalue detected, returning 0
# KERNEL: Time: 0 ps,  Iteration: 0,  Instance: /PipelinedCPU_tb/UUT/u7,  Process: computation.
# KERNEL: WARNING: NUMERIC_STD.TO_INTEGER: metavalue detected, returning 0
# KERNEL: Time: 0 ps,  Iteration: 0,  Instance: /PipelinedCPU_tb/UUT/u7,  Process: computation.
# KERNEL: WARNING: NUMERIC_STD.TO_INTEGER: metavalue detected, returning 0
# KERNEL: Time: 0 ps,  Iteration: 1,  Instance: /PipelinedCPU_tb/UUT/u6,  Process: decode.
# KERNEL: WARNING: NUMERIC_STD.TO_INTEGER: metavalue detected, returning 0
# KERNEL: Time: 0 ps,  Iteration: 1,  Instance: /PipelinedCPU_tb/UUT/u7,  Process: computation.
# KERNEL: WARNING: NUMERIC_STD.TO_INTEGER: metavalue detected, returning 0
# KERNEL: Time: 0 ps,  Iteration: 1,  Instance: /PipelinedCPU_tb/UUT/u7,  Process: computation.
# KERNEL: WARNING: NUMERIC_STD.TO_INTEGER: metavalue detected, returning 0
# KERNEL: Time: 0 ps,  Iteration: 1,  Instance: /PipelinedCPU_tb/UUT/u7,  Process: computation.
# KERNEL: WARNING: NUMERIC_STD.TO_INTEGER: metavalue detected, returning 0
# KERNEL: Time: 40 ns,  Iteration: 2,  Instance: /PipelinedCPU_tb/UUT/u4,  Process: read.
# KERNEL: WARNING: NUMERIC_STD.TO_INTEGER: metavalue detected, returning 0
# KERNEL: Time: 40 ns,  Iteration: 2,  Instance: /PipelinedCPU_tb/UUT/u4,  Process: read.
# KERNEL: WARNING: NUMERIC_STD.TO_INTEGER: metavalue detected, returning 0
# KERNEL: Time: 40 ns,  Iteration: 2,  Instance: /PipelinedCPU_tb/UUT/u4,  Process: read.
# KERNEL: WARNING: NUMERIC_STD.TO_INTEGER: metavalue detected, returning 0
# KERNEL: Time: 40 ns,  Iteration: 3,  Instance: /PipelinedCPU_tb/UUT/u6,  Process: decode.
# KERNEL: WARNING: NUMERIC_STD.TO_INTEGER: metavalue detected, returning 0
# KERNEL: Time: 40 ns,  Iteration: 4,  Instance: /PipelinedCPU_tb/UUT/u7,  Process: computation.
# KERNEL: WARNING: NUMERIC_STD.TO_INTEGER: metavalue detected, returning 0
# KERNEL: Time: 40 ns,  Iteration: 4,  Instance: /PipelinedCPU_tb/UUT/u7,  Process: computation.
# KERNEL: WARNING: NUMERIC_STD.TO_INTEGER: metavalue detected, returning 0
# KERNEL: Time: 40 ns,  Iteration: 4,  Instance: /PipelinedCPU_tb/UUT/u7,  Process: computation.
# KERNEL: WARNING: NUMERIC_STD.TO_INTEGER: metavalue detected, returning 0
# KERNEL: Time: 120 ns,  Iteration: 1,  Instance: /PipelinedCPU_tb/UUT/u4,  Process: write.
# KERNEL: WARNING: NUMERIC_STD.TO_INTEGER: metavalue detected, returning 0
# KERNEL: Time: 1 us,  Iteration: 2,  Instance: /PipelinedCPU_tb/UUT/u7,  Process: computation.
# KERNEL: WARNING: NUMERIC_STD.TO_INTEGER: metavalue detected, returning 0
# KERNEL: Time: 1 us,  Iteration: 2,  Instance: /PipelinedCPU_tb/UUT/u7,  Process: computation.
# KERNEL: WARNING: NUMERIC_STD.">": metavalue detected, returning FALSE
# KERNEL: Time: 1160 ns,  Iteration: 3,  Instance: /PipelinedCPU_tb/UUT/u7,  Process: computation.
# KERNEL: WARNING: NUMERIC_STD."<": metavalue detected, returning FALSE
# KERNEL: Time: 1160 ns,  Iteration: 3,  Instance: /PipelinedCPU_tb/UUT/u7,  Process: computation.
# KERNEL: WARNING: NUMERIC_STD.">": metavalue detected, returning FALSE
# KERNEL: Time: 1160 ns,  Iteration: 3,  Instance: /PipelinedCPU_tb/UUT/u7,  Process: computation.
# KERNEL: WARNING: NUMERIC_STD."<": metavalue detected, returning FALSE
# KERNEL: Time: 1160 ns,  Iteration: 3,  Instance: /PipelinedCPU_tb/UUT/u7,  Process: computation.
# KERNEL: WARNING: NUMERIC_STD.">": metavalue detected, returning FALSE
# KERNEL: Time: 1360 ns,  Iteration: 3,  Instance: /PipelinedCPU_tb/UUT/u7,  Process: computation.
# KERNEL: WARNING: NUMERIC_STD."<": metavalue detected, returning FALSE
# KERNEL: Time: 1360 ns,  Iteration: 3,  Instance: /PipelinedCPU_tb/UUT/u7,  Process: computation.
# KERNEL: WARNING: NUMERIC_STD.">": metavalue detected, returning FALSE
# KERNEL: Time: 1360 ns,  Iteration: 3,  Instance: /PipelinedCPU_tb/UUT/u7,  Process: computation.
# KERNEL: WARNING: NUMERIC_STD."<": metavalue detected, returning FALSE
# KERNEL: Time: 1360 ns,  Iteration: 3,  Instance: /PipelinedCPU_tb/UUT/u7,  Process: computation.
# KERNEL: WARNING: NUMERIC_STD.TO_INTEGER: metavalue detected, returning 0
# KERNEL: Time: 1920 ns,  Iteration: 2,  Instance: /PipelinedCPU_tb/UUT/u4,  Process: read.
# KERNEL: WARNING: NUMERIC_STD.TO_INTEGER: metavalue detected, returning 0
# KERNEL: Time: 1920 ns,  Iteration: 2,  Instance: /PipelinedCPU_tb/UUT/u4,  Process: read.
# KERNEL: WARNING: NUMERIC_STD.TO_INTEGER: metavalue detected, returning 0
# KERNEL: Time: 1920 ns,  Iteration: 2,  Instance: /PipelinedCPU_tb/UUT/u4,  Process: read.
# KERNEL: WARNING: NUMERIC_STD.TO_INTEGER: metavalue detected, returning 0
# KERNEL: Time: 1960 ns,  Iteration: 2,  Instance: /PipelinedCPU_tb/UUT/u4,  Process: read.
# KERNEL: WARNING: NUMERIC_STD.TO_INTEGER: metavalue detected, returning 0
# KERNEL: Time: 1960 ns,  Iteration: 2,  Instance: /PipelinedCPU_tb/UUT/u4,  Process: read.
# KERNEL: WARNING: NUMERIC_STD.TO_INTEGER: metavalue detected, returning 0
# KERNEL: Time: 1960 ns,  Iteration: 2,  Instance: /PipelinedCPU_tb/UUT/u4,  Process: read.
# KERNEL: WARNING: NUMERIC_STD.TO_INTEGER: metavalue detected, returning 0
# KERNEL: Time: 2040 ns,  Iteration: 1,  Instance: /PipelinedCPU_tb/UUT/u4,  Process: write.
# KERNEL: stopped at time: 2100 ns
# 1 signal(s) traced.
# 1 signal(s) traced.
restart
# ELBREAD: Elaboration process.
# ELBREAD: Elaboration time 0.1 [s].
# 
# KERNEL: Main thread initiated.
# KERNEL: Kernel process initialization phase.
# ELAB2: Elaboration final pass...
# ELAB2: Create instances ...
# KERNEL: Time resolution set to 1ps.
# ELAB2: Create instances complete.
# SLP: Started
# SLP: Elaboration phase ...
# SLP: Elaboration phase ... skipped, nothing to simulate in SLP mode : 0.0 [s]
# SLP: Finished : 0.0 [s]
# ELAB2: Elaboration final pass complete - time: 0.1 [s].
# KERNEL: Warning: You are using the Active-HDL Student Edition. The performance of simulation is running at a reduced rate.
# KERNEL: Warning: Contact Aldec for available upgrade options - sales@aldec.com.
# KERNEL: Kernel process initialization done.
# Allocation: Simulator allocated 7348 kB (elbread=1280 elab2=5924 kernel=143 sdf=0)
# KERNEL: ASDB file was created in location C:\Users\champ\OneDrive\Fall 2021\ESE 345\Programming Assignments\Project 1\FinalProject\PipelinedMultimediaUintDesign\src\wave.asdb
#  3:08 PM, Thursday, December 2, 2021
#  Simulation has been initialized
# Waveform file 'untitled.awc' connected to 'C:/Users/champ/OneDrive/Fall 2021/ESE 345/Programming Assignments/Project 1/FinalProject/PipelinedMultimediaUintDesign/src/wave.asdb'.
run 2100 ns
# KERNEL: WARNING: NUMERIC_STD.TO_INTEGER: metavalue detected, returning 0
# KERNEL: Time: 0 ps,  Iteration: 0,  Instance: /PipelinedCPU_tb/UUT/u4,  Process: read.
# KERNEL: WARNING: NUMERIC_STD.TO_INTEGER: metavalue detected, returning 0
# KERNEL: Time: 0 ps,  Iteration: 0,  Instance: /PipelinedCPU_tb/UUT/u4,  Process: read.
# KERNEL: WARNING: NUMERIC_STD.TO_INTEGER: metavalue detected, returning 0
# KERNEL: Time: 0 ps,  Iteration: 0,  Instance: /PipelinedCPU_tb/UUT/u4,  Process: read.
# KERNEL: WARNING: NUMERIC_STD.TO_INTEGER: metavalue detected, returning 0
# KERNEL: Time: 0 ps,  Iteration: 0,  Instance: /PipelinedCPU_tb/UUT/u6,  Process: decode.
# KERNEL: WARNING: NUMERIC_STD.TO_INTEGER: metavalue detected, returning 0
# KERNEL: Time: 0 ps,  Iteration: 0,  Instance: /PipelinedCPU_tb/UUT/u7,  Process: computation.
# KERNEL: WARNING: NUMERIC_STD.TO_INTEGER: metavalue detected, returning 0
# KERNEL: Time: 0 ps,  Iteration: 0,  Instance: /PipelinedCPU_tb/UUT/u7,  Process: computation.
# KERNEL: WARNING: NUMERIC_STD.TO_INTEGER: metavalue detected, returning 0
# KERNEL: Time: 0 ps,  Iteration: 0,  Instance: /PipelinedCPU_tb/UUT/u7,  Process: computation.
# KERNEL: WARNING: NUMERIC_STD.TO_INTEGER: metavalue detected, returning 0
# KERNEL: Time: 0 ps,  Iteration: 1,  Instance: /PipelinedCPU_tb/UUT/u6,  Process: decode.
# KERNEL: WARNING: NUMERIC_STD.TO_INTEGER: metavalue detected, returning 0
# KERNEL: Time: 0 ps,  Iteration: 1,  Instance: /PipelinedCPU_tb/UUT/u7,  Process: computation.
# KERNEL: WARNING: NUMERIC_STD.TO_INTEGER: metavalue detected, returning 0
# KERNEL: Time: 0 ps,  Iteration: 1,  Instance: /PipelinedCPU_tb/UUT/u7,  Process: computation.
# KERNEL: WARNING: NUMERIC_STD.TO_INTEGER: metavalue detected, returning 0
# KERNEL: Time: 0 ps,  Iteration: 1,  Instance: /PipelinedCPU_tb/UUT/u7,  Process: computation.
# KERNEL: WARNING: NUMERIC_STD.TO_INTEGER: metavalue detected, returning 0
# KERNEL: Time: 40 ns,  Iteration: 2,  Instance: /PipelinedCPU_tb/UUT/u4,  Process: read.
# KERNEL: WARNING: NUMERIC_STD.TO_INTEGER: metavalue detected, returning 0
# KERNEL: Time: 40 ns,  Iteration: 2,  Instance: /PipelinedCPU_tb/UUT/u4,  Process: read.
# KERNEL: WARNING: NUMERIC_STD.TO_INTEGER: metavalue detected, returning 0
# KERNEL: Time: 40 ns,  Iteration: 2,  Instance: /PipelinedCPU_tb/UUT/u4,  Process: read.
# KERNEL: WARNING: NUMERIC_STD.TO_INTEGER: metavalue detected, returning 0
# KERNEL: Time: 40 ns,  Iteration: 3,  Instance: /PipelinedCPU_tb/UUT/u6,  Process: decode.
# KERNEL: WARNING: NUMERIC_STD.TO_INTEGER: metavalue detected, returning 0
# KERNEL: Time: 40 ns,  Iteration: 4,  Instance: /PipelinedCPU_tb/UUT/u7,  Process: computation.
# KERNEL: WARNING: NUMERIC_STD.TO_INTEGER: metavalue detected, returning 0
# KERNEL: Time: 40 ns,  Iteration: 4,  Instance: /PipelinedCPU_tb/UUT/u7,  Process: computation.
# KERNEL: WARNING: NUMERIC_STD.TO_INTEGER: metavalue detected, returning 0
# KERNEL: Time: 40 ns,  Iteration: 4,  Instance: /PipelinedCPU_tb/UUT/u7,  Process: computation.
# KERNEL: WARNING: NUMERIC_STD.TO_INTEGER: metavalue detected, returning 0
# KERNEL: Time: 120 ns,  Iteration: 1,  Instance: /PipelinedCPU_tb/UUT/u4,  Process: write.
# KERNEL: WARNING: NUMERIC_STD.TO_INTEGER: metavalue detected, returning 0
# KERNEL: Time: 1 us,  Iteration: 2,  Instance: /PipelinedCPU_tb/UUT/u7,  Process: computation.
# KERNEL: WARNING: NUMERIC_STD.TO_INTEGER: metavalue detected, returning 0
# KERNEL: Time: 1 us,  Iteration: 2,  Instance: /PipelinedCPU_tb/UUT/u7,  Process: computation.
# KERNEL: WARNING: NUMERIC_STD.">": metavalue detected, returning FALSE
# KERNEL: Time: 1160 ns,  Iteration: 3,  Instance: /PipelinedCPU_tb/UUT/u7,  Process: computation.
# KERNEL: WARNING: NUMERIC_STD."<": metavalue detected, returning FALSE
# KERNEL: Time: 1160 ns,  Iteration: 3,  Instance: /PipelinedCPU_tb/UUT/u7,  Process: computation.
# KERNEL: WARNING: NUMERIC_STD.">": metavalue detected, returning FALSE
# KERNEL: Time: 1160 ns,  Iteration: 3,  Instance: /PipelinedCPU_tb/UUT/u7,  Process: computation.
# KERNEL: WARNING: NUMERIC_STD."<": metavalue detected, returning FALSE
# KERNEL: Time: 1160 ns,  Iteration: 3,  Instance: /PipelinedCPU_tb/UUT/u7,  Process: computation.
# KERNEL: WARNING: NUMERIC_STD.">": metavalue detected, returning FALSE
# KERNEL: Time: 1360 ns,  Iteration: 3,  Instance: /PipelinedCPU_tb/UUT/u7,  Process: computation.
# KERNEL: WARNING: NUMERIC_STD."<": metavalue detected, returning FALSE
# KERNEL: Time: 1360 ns,  Iteration: 3,  Instance: /PipelinedCPU_tb/UUT/u7,  Process: computation.
# KERNEL: WARNING: NUMERIC_STD.">": metavalue detected, returning FALSE
# KERNEL: Time: 1360 ns,  Iteration: 3,  Instance: /PipelinedCPU_tb/UUT/u7,  Process: computation.
# KERNEL: WARNING: NUMERIC_STD."<": metavalue detected, returning FALSE
# KERNEL: Time: 1360 ns,  Iteration: 3,  Instance: /PipelinedCPU_tb/UUT/u7,  Process: computation.
# KERNEL: WARNING: NUMERIC_STD.TO_INTEGER: metavalue detected, returning 0
# KERNEL: Time: 1920 ns,  Iteration: 2,  Instance: /PipelinedCPU_tb/UUT/u4,  Process: read.
# KERNEL: WARNING: NUMERIC_STD.TO_INTEGER: metavalue detected, returning 0
# KERNEL: Time: 1920 ns,  Iteration: 2,  Instance: /PipelinedCPU_tb/UUT/u4,  Process: read.
# KERNEL: WARNING: NUMERIC_STD.TO_INTEGER: metavalue detected, returning 0
# KERNEL: Time: 1920 ns,  Iteration: 2,  Instance: /PipelinedCPU_tb/UUT/u4,  Process: read.
# KERNEL: WARNING: NUMERIC_STD.TO_INTEGER: metavalue detected, returning 0
# KERNEL: Time: 1960 ns,  Iteration: 2,  Instance: /PipelinedCPU_tb/UUT/u4,  Process: read.
# KERNEL: WARNING: NUMERIC_STD.TO_INTEGER: metavalue detected, returning 0
# KERNEL: Time: 1960 ns,  Iteration: 2,  Instance: /PipelinedCPU_tb/UUT/u4,  Process: read.
# KERNEL: WARNING: NUMERIC_STD.TO_INTEGER: metavalue detected, returning 0
# KERNEL: Time: 1960 ns,  Iteration: 2,  Instance: /PipelinedCPU_tb/UUT/u4,  Process: read.
# KERNEL: WARNING: NUMERIC_STD.TO_INTEGER: metavalue detected, returning 0
# KERNEL: Time: 2040 ns,  Iteration: 1,  Instance: /PipelinedCPU_tb/UUT/u4,  Process: write.
# KERNEL: stopped at time: 2100 ns
endsim
# VSIM: Simulation has finished.
acom -O3 -e 100 -work pipelinedmultimediauintdesign -2008  $dsn/src/PipelinedCPU_tb.vhd
# Warning: DAGGEN_0523: The source is compiled without the -dbg switch. Line breakpoints and assertion debug will not be available.
# File: C:/Users/champ/OneDrive/Fall 2021/ESE 345/Programming Assignments/Project 1/FinalProject/PipelinedMultimediaUintDesign/src/PipelinedCPU_tb.vhd
# Compile Entity "PipelinedCPU_tb"
# Compile Architecture "tb" of Entity "PipelinedCPU_tb"
# Compile success 0 Errors 0 Warnings  Analysis time :  0.2 [s]
asim -O5 +access +r PipelinedCPU_tb tb
# ELBREAD: Elaboration process.
# ELBREAD: Elaboration time 0.1 [s].
# VSIM: Stack memory: 32MB
# VSIM: Retval memory: 32MB
# 
# KERNEL: Main thread initiated.
# KERNEL: Kernel process initialization phase.
# ELAB2: Elaboration final pass...
# ELAB2: Create instances ...
# KERNEL: Time resolution set to 1ps.
# ELAB2: Create instances complete.
# SLP: Started
# SLP: Elaboration phase ...
# SLP: Elaboration phase ... skipped, nothing to simulate in SLP mode : 0.0 [s]
# SLP: Finished : 0.0 [s]
# ELAB2: Elaboration final pass complete - time: 0.1 [s].
# KERNEL: Warning: You are using the Active-HDL Student Edition. The performance of simulation is running at a reduced rate.
# KERNEL: Warning: Contact Aldec for available upgrade options - sales@aldec.com.
# KERNEL: Kernel process initialization done.
# Allocation: Simulator allocated 7348 kB (elbread=1280 elab2=5924 kernel=143 sdf=0)
# KERNEL: ASDB file was created in location C:\Users\champ\OneDrive\Fall 2021\ESE 345\Programming Assignments\Project 1\FinalProject\PipelinedMultimediaUintDesign\src\wave.asdb
#  3:20 PM, Thursday, December 2, 2021
#  Simulation has been initialized
# Waveform file 'untitled.awc' connected to 'C:/Users/champ/OneDrive/Fall 2021/ESE 345/Programming Assignments/Project 1/FinalProject/PipelinedMultimediaUintDesign/src/wave.asdb'.
run 2100 ns
# KERNEL: WARNING: NUMERIC_STD.TO_INTEGER: metavalue detected, returning 0
# KERNEL: Time: 0 ps,  Iteration: 0,  Instance: /PipelinedCPU_tb/UUT/u4,  Process: read.
# KERNEL: WARNING: NUMERIC_STD.TO_INTEGER: metavalue detected, returning 0
# KERNEL: Time: 0 ps,  Iteration: 0,  Instance: /PipelinedCPU_tb/UUT/u4,  Process: read.
# KERNEL: WARNING: NUMERIC_STD.TO_INTEGER: metavalue detected, returning 0
# KERNEL: Time: 0 ps,  Iteration: 0,  Instance: /PipelinedCPU_tb/UUT/u4,  Process: read.
# KERNEL: WARNING: NUMERIC_STD.TO_INTEGER: metavalue detected, returning 0
# KERNEL: Time: 0 ps,  Iteration: 0,  Instance: /PipelinedCPU_tb/UUT/u6,  Process: decode.
# KERNEL: WARNING: NUMERIC_STD.TO_INTEGER: metavalue detected, returning 0
# KERNEL: Time: 0 ps,  Iteration: 0,  Instance: /PipelinedCPU_tb/UUT/u7,  Process: computation.
# KERNEL: WARNING: NUMERIC_STD.TO_INTEGER: metavalue detected, returning 0
# KERNEL: Time: 0 ps,  Iteration: 0,  Instance: /PipelinedCPU_tb/UUT/u7,  Process: computation.
# KERNEL: WARNING: NUMERIC_STD.TO_INTEGER: metavalue detected, returning 0
# KERNEL: Time: 0 ps,  Iteration: 0,  Instance: /PipelinedCPU_tb/UUT/u7,  Process: computation.
# KERNEL: WARNING: NUMERIC_STD.TO_INTEGER: metavalue detected, returning 0
# KERNEL: Time: 0 ps,  Iteration: 1,  Instance: /PipelinedCPU_tb/UUT/u6,  Process: decode.
# KERNEL: WARNING: NUMERIC_STD.TO_INTEGER: metavalue detected, returning 0
# KERNEL: Time: 0 ps,  Iteration: 1,  Instance: /PipelinedCPU_tb/UUT/u7,  Process: computation.
# KERNEL: WARNING: NUMERIC_STD.TO_INTEGER: metavalue detected, returning 0
# KERNEL: Time: 0 ps,  Iteration: 1,  Instance: /PipelinedCPU_tb/UUT/u7,  Process: computation.
# KERNEL: WARNING: NUMERIC_STD.TO_INTEGER: metavalue detected, returning 0
# KERNEL: Time: 0 ps,  Iteration: 1,  Instance: /PipelinedCPU_tb/UUT/u7,  Process: computation.
# KERNEL: WARNING: NUMERIC_STD.TO_INTEGER: metavalue detected, returning 0
# KERNEL: Time: 40 ns,  Iteration: 2,  Instance: /PipelinedCPU_tb/UUT/u4,  Process: read.
# KERNEL: WARNING: NUMERIC_STD.TO_INTEGER: metavalue detected, returning 0
# KERNEL: Time: 40 ns,  Iteration: 2,  Instance: /PipelinedCPU_tb/UUT/u4,  Process: read.
# KERNEL: WARNING: NUMERIC_STD.TO_INTEGER: metavalue detected, returning 0
# KERNEL: Time: 40 ns,  Iteration: 2,  Instance: /PipelinedCPU_tb/UUT/u4,  Process: read.
# KERNEL: WARNING: NUMERIC_STD.TO_INTEGER: metavalue detected, returning 0
# KERNEL: Time: 40 ns,  Iteration: 3,  Instance: /PipelinedCPU_tb/UUT/u6,  Process: decode.
# KERNEL: WARNING: NUMERIC_STD.TO_INTEGER: metavalue detected, returning 0
# KERNEL: Time: 40 ns,  Iteration: 4,  Instance: /PipelinedCPU_tb/UUT/u7,  Process: computation.
# KERNEL: WARNING: NUMERIC_STD.TO_INTEGER: metavalue detected, returning 0
# KERNEL: Time: 40 ns,  Iteration: 4,  Instance: /PipelinedCPU_tb/UUT/u7,  Process: computation.
# KERNEL: WARNING: NUMERIC_STD.TO_INTEGER: metavalue detected, returning 0
# KERNEL: Time: 40 ns,  Iteration: 4,  Instance: /PipelinedCPU_tb/UUT/u7,  Process: computation.
# KERNEL: WARNING: NUMERIC_STD.TO_INTEGER: metavalue detected, returning 0
# KERNEL: Time: 120 ns,  Iteration: 1,  Instance: /PipelinedCPU_tb/UUT/u4,  Process: write.
# KERNEL: stopped at time: 2100 ns
restart
# ELBREAD: Elaboration process.
# ELBREAD: Elaboration time 0.0 [s].
# 
# KERNEL: Main thread initiated.
# KERNEL: Kernel process initialization phase.
# ELAB2: Elaboration final pass...
# ELAB2: Create instances ...
# KERNEL: Time resolution set to 1ps.
# ELAB2: Create instances complete.
# SLP: Started
# SLP: Elaboration phase ...
# SLP: Elaboration phase ... skipped, nothing to simulate in SLP mode : 0.0 [s]
# SLP: Finished : 0.0 [s]
# ELAB2: Elaboration final pass complete - time: 0.0 [s].
# KERNEL: Warning: You are using the Active-HDL Student Edition. The performance of simulation is running at a reduced rate.
# KERNEL: Warning: Contact Aldec for available upgrade options - sales@aldec.com.
# KERNEL: Kernel process initialization done.
# Allocation: Simulator allocated 7348 kB (elbread=1280 elab2=5924 kernel=143 sdf=0)
# KERNEL: ASDB file was created in location C:\Users\champ\OneDrive\Fall 2021\ESE 345\Programming Assignments\Project 1\FinalProject\PipelinedMultimediaUintDesign\src\wave.asdb
#  3:20 PM, Thursday, December 2, 2021
#  Simulation has been initialized
# Waveform file 'untitled.awc' connected to 'C:/Users/champ/OneDrive/Fall 2021/ESE 345/Programming Assignments/Project 1/FinalProject/PipelinedMultimediaUintDesign/src/wave.asdb'.
# KERNEL: Warning: KERNEL_0291 Signal '/PipelinedCPU_tb/UUT/u4/regWrite' has already been traced.
# 0 signal(s) traced.
# Waveform file 'untitled.awc' connected to 'C:/Users/champ/OneDrive/Fall 2021/ESE 345/Programming Assignments/Project 1/FinalProject/PipelinedMultimediaUintDesign/src/wave.asdb'.
run 2100 ns
# KERNEL: WARNING: NUMERIC_STD.TO_INTEGER: metavalue detected, returning 0
# KERNEL: Time: 0 ps,  Iteration: 0,  Instance: /PipelinedCPU_tb/UUT/u4,  Process: read.
# KERNEL: WARNING: NUMERIC_STD.TO_INTEGER: metavalue detected, returning 0
# KERNEL: Time: 0 ps,  Iteration: 0,  Instance: /PipelinedCPU_tb/UUT/u4,  Process: read.
# KERNEL: WARNING: NUMERIC_STD.TO_INTEGER: metavalue detected, returning 0
# KERNEL: Time: 0 ps,  Iteration: 0,  Instance: /PipelinedCPU_tb/UUT/u4,  Process: read.
# KERNEL: WARNING: NUMERIC_STD.TO_INTEGER: metavalue detected, returning 0
# KERNEL: Time: 0 ps,  Iteration: 0,  Instance: /PipelinedCPU_tb/UUT/u6,  Process: decode.
# KERNEL: WARNING: NUMERIC_STD.TO_INTEGER: metavalue detected, returning 0
# KERNEL: Time: 0 ps,  Iteration: 0,  Instance: /PipelinedCPU_tb/UUT/u7,  Process: computation.
# KERNEL: WARNING: NUMERIC_STD.TO_INTEGER: metavalue detected, returning 0
# KERNEL: Time: 0 ps,  Iteration: 0,  Instance: /PipelinedCPU_tb/UUT/u7,  Process: computation.
# KERNEL: WARNING: NUMERIC_STD.TO_INTEGER: metavalue detected, returning 0
# KERNEL: Time: 0 ps,  Iteration: 0,  Instance: /PipelinedCPU_tb/UUT/u7,  Process: computation.
# KERNEL: WARNING: NUMERIC_STD.TO_INTEGER: metavalue detected, returning 0
# KERNEL: Time: 0 ps,  Iteration: 1,  Instance: /PipelinedCPU_tb/UUT/u6,  Process: decode.
# KERNEL: WARNING: NUMERIC_STD.TO_INTEGER: metavalue detected, returning 0
# KERNEL: Time: 0 ps,  Iteration: 1,  Instance: /PipelinedCPU_tb/UUT/u7,  Process: computation.
# KERNEL: WARNING: NUMERIC_STD.TO_INTEGER: metavalue detected, returning 0
# KERNEL: Time: 0 ps,  Iteration: 1,  Instance: /PipelinedCPU_tb/UUT/u7,  Process: computation.
# KERNEL: WARNING: NUMERIC_STD.TO_INTEGER: metavalue detected, returning 0
# KERNEL: Time: 0 ps,  Iteration: 1,  Instance: /PipelinedCPU_tb/UUT/u7,  Process: computation.
# KERNEL: WARNING: NUMERIC_STD.TO_INTEGER: metavalue detected, returning 0
# KERNEL: Time: 40 ns,  Iteration: 2,  Instance: /PipelinedCPU_tb/UUT/u4,  Process: read.
# KERNEL: WARNING: NUMERIC_STD.TO_INTEGER: metavalue detected, returning 0
# KERNEL: Time: 40 ns,  Iteration: 2,  Instance: /PipelinedCPU_tb/UUT/u4,  Process: read.
# KERNEL: WARNING: NUMERIC_STD.TO_INTEGER: metavalue detected, returning 0
# KERNEL: Time: 40 ns,  Iteration: 2,  Instance: /PipelinedCPU_tb/UUT/u4,  Process: read.
# KERNEL: WARNING: NUMERIC_STD.TO_INTEGER: metavalue detected, returning 0
# KERNEL: Time: 40 ns,  Iteration: 3,  Instance: /PipelinedCPU_tb/UUT/u6,  Process: decode.
# KERNEL: WARNING: NUMERIC_STD.TO_INTEGER: metavalue detected, returning 0
# KERNEL: Time: 40 ns,  Iteration: 4,  Instance: /PipelinedCPU_tb/UUT/u7,  Process: computation.
# KERNEL: WARNING: NUMERIC_STD.TO_INTEGER: metavalue detected, returning 0
# KERNEL: Time: 40 ns,  Iteration: 4,  Instance: /PipelinedCPU_tb/UUT/u7,  Process: computation.
# KERNEL: WARNING: NUMERIC_STD.TO_INTEGER: metavalue detected, returning 0
# KERNEL: Time: 40 ns,  Iteration: 4,  Instance: /PipelinedCPU_tb/UUT/u7,  Process: computation.
# KERNEL: WARNING: NUMERIC_STD.TO_INTEGER: metavalue detected, returning 0
# KERNEL: Time: 120 ns,  Iteration: 1,  Instance: /PipelinedCPU_tb/UUT/u4,  Process: write.
# KERNEL: stopped at time: 2100 ns
run 2100 ns
# KERNEL: WARNING: NUMERIC_STD.TO_INTEGER: metavalue detected, returning 0
# KERNEL: Time: 2640 ns,  Iteration: 2,  Instance: /PipelinedCPU_tb/UUT/u7,  Process: computation.
# KERNEL: WARNING: NUMERIC_STD.TO_INTEGER: metavalue detected, returning 0
# KERNEL: Time: 2640 ns,  Iteration: 2,  Instance: /PipelinedCPU_tb/UUT/u7,  Process: computation.
# KERNEL: WARNING: NUMERIC_STD.TO_INTEGER: metavalue detected, returning 0
# KERNEL: Time: 3040 ns,  Iteration: 2,  Instance: /PipelinedCPU_tb/UUT/u7,  Process: computation.
# KERNEL: WARNING: NUMERIC_STD.TO_INTEGER: metavalue detected, returning 0
# KERNEL: Time: 3040 ns,  Iteration: 2,  Instance: /PipelinedCPU_tb/UUT/u7,  Process: computation.
# KERNEL: WARNING: NUMERIC_STD.TO_INTEGER: metavalue detected, returning 0
# KERNEL: Time: 3200 ns,  Iteration: 2,  Instance: /PipelinedCPU_tb/UUT/u7,  Process: computation.
# KERNEL: WARNING: NUMERIC_STD.TO_INTEGER: metavalue detected, returning 0
# KERNEL: Time: 3200 ns,  Iteration: 2,  Instance: /PipelinedCPU_tb/UUT/u7,  Process: computation.
# KERNEL: WARNING: NUMERIC_STD.TO_INTEGER: metavalue detected, returning 0
# KERNEL: Time: 3640 ns,  Iteration: 2,  Instance: /PipelinedCPU_tb/UUT/u7,  Process: computation.
# KERNEL: WARNING: NUMERIC_STD.TO_INTEGER: metavalue detected, returning 0
# KERNEL: Time: 3640 ns,  Iteration: 2,  Instance: /PipelinedCPU_tb/UUT/u7,  Process: computation.
# RUNTIME: Fatal Error: RUNTIME_0067 PipelinedCPU_tb.vhd (148): Value 29 out of range (0 to 28).
# KERNEL: Time: 3700 ns,  Iteration: 0,  Instance: /PipelinedCPU_tb,  Process: tb1.
# KERNEL: Stopped at time 3700 ns + 0.
# VSIM: Error: Fatal error occurred during simulation.
restart
# ELBREAD: Elaboration process.
# ELBREAD: Elaboration time 0.0 [s].
# 
# KERNEL: Main thread initiated.
# KERNEL: Kernel process initialization phase.
# ELAB2: Elaboration final pass...
# ELAB2: Create instances ...
# KERNEL: Time resolution set to 1ps.
# ELAB2: Create instances complete.
# SLP: Started
# SLP: Elaboration phase ...
# SLP: Elaboration phase ... skipped, nothing to simulate in SLP mode : 0.0 [s]
# SLP: Finished : 0.0 [s]
# ELAB2: Elaboration final pass complete - time: 0.1 [s].
# KERNEL: Warning: You are using the Active-HDL Student Edition. The performance of simulation is running at a reduced rate.
# KERNEL: Warning: Contact Aldec for available upgrade options - sales@aldec.com.
# KERNEL: Kernel process initialization done.
# Allocation: Simulator allocated 7348 kB (elbread=1280 elab2=5924 kernel=143 sdf=0)
# KERNEL: ASDB file was created in location C:\Users\champ\OneDrive\Fall 2021\ESE 345\Programming Assignments\Project 1\FinalProject\PipelinedMultimediaUintDesign\src\wave.asdb
#  3:21 PM, Thursday, December 2, 2021
#  Simulation has been initialized
# Waveform file 'untitled.awc' connected to 'C:/Users/champ/OneDrive/Fall 2021/ESE 345/Programming Assignments/Project 1/FinalProject/PipelinedMultimediaUintDesign/src/wave.asdb'.
# Waveform file 'untitled.awc' connected to 'C:/Users/champ/OneDrive/Fall 2021/ESE 345/Programming Assignments/Project 1/FinalProject/PipelinedMultimediaUintDesign/src/wave.asdb'.
# KERNEL: Warning: KERNEL_0291 Signal '/PipelinedCPU_tb/UUT/clock' has already been traced.
# 0 signal(s) traced.
run 2100 ns
# KERNEL: WARNING: NUMERIC_STD.TO_INTEGER: metavalue detected, returning 0
# KERNEL: Time: 0 ps,  Iteration: 0,  Instance: /PipelinedCPU_tb/UUT/u4,  Process: read.
# KERNEL: WARNING: NUMERIC_STD.TO_INTEGER: metavalue detected, returning 0
# KERNEL: Time: 0 ps,  Iteration: 0,  Instance: /PipelinedCPU_tb/UUT/u4,  Process: read.
# KERNEL: WARNING: NUMERIC_STD.TO_INTEGER: metavalue detected, returning 0
# KERNEL: Time: 0 ps,  Iteration: 0,  Instance: /PipelinedCPU_tb/UUT/u4,  Process: read.
# KERNEL: WARNING: NUMERIC_STD.TO_INTEGER: metavalue detected, returning 0
# KERNEL: Time: 0 ps,  Iteration: 0,  Instance: /PipelinedCPU_tb/UUT/u6,  Process: decode.
# KERNEL: WARNING: NUMERIC_STD.TO_INTEGER: metavalue detected, returning 0
# KERNEL: Time: 0 ps,  Iteration: 0,  Instance: /PipelinedCPU_tb/UUT/u7,  Process: computation.
# KERNEL: WARNING: NUMERIC_STD.TO_INTEGER: metavalue detected, returning 0
# KERNEL: Time: 0 ps,  Iteration: 0,  Instance: /PipelinedCPU_tb/UUT/u7,  Process: computation.
# KERNEL: WARNING: NUMERIC_STD.TO_INTEGER: metavalue detected, returning 0
# KERNEL: Time: 0 ps,  Iteration: 0,  Instance: /PipelinedCPU_tb/UUT/u7,  Process: computation.
# KERNEL: WARNING: NUMERIC_STD.TO_INTEGER: metavalue detected, returning 0
# KERNEL: Time: 0 ps,  Iteration: 1,  Instance: /PipelinedCPU_tb/UUT/u6,  Process: decode.
# KERNEL: WARNING: NUMERIC_STD.TO_INTEGER: metavalue detected, returning 0
# KERNEL: Time: 0 ps,  Iteration: 1,  Instance: /PipelinedCPU_tb/UUT/u7,  Process: computation.
# KERNEL: WARNING: NUMERIC_STD.TO_INTEGER: metavalue detected, returning 0
# KERNEL: Time: 0 ps,  Iteration: 1,  Instance: /PipelinedCPU_tb/UUT/u7,  Process: computation.
# KERNEL: WARNING: NUMERIC_STD.TO_INTEGER: metavalue detected, returning 0
# KERNEL: Time: 0 ps,  Iteration: 1,  Instance: /PipelinedCPU_tb/UUT/u7,  Process: computation.
# KERNEL: WARNING: NUMERIC_STD.TO_INTEGER: metavalue detected, returning 0
# KERNEL: Time: 40 ns,  Iteration: 2,  Instance: /PipelinedCPU_tb/UUT/u4,  Process: read.
# KERNEL: WARNING: NUMERIC_STD.TO_INTEGER: metavalue detected, returning 0
# KERNEL: Time: 40 ns,  Iteration: 2,  Instance: /PipelinedCPU_tb/UUT/u4,  Process: read.
# KERNEL: WARNING: NUMERIC_STD.TO_INTEGER: metavalue detected, returning 0
# KERNEL: Time: 40 ns,  Iteration: 2,  Instance: /PipelinedCPU_tb/UUT/u4,  Process: read.
# KERNEL: WARNING: NUMERIC_STD.TO_INTEGER: metavalue detected, returning 0
# KERNEL: Time: 40 ns,  Iteration: 3,  Instance: /PipelinedCPU_tb/UUT/u6,  Process: decode.
# KERNEL: WARNING: NUMERIC_STD.TO_INTEGER: metavalue detected, returning 0
# KERNEL: Time: 40 ns,  Iteration: 4,  Instance: /PipelinedCPU_tb/UUT/u7,  Process: computation.
# KERNEL: WARNING: NUMERIC_STD.TO_INTEGER: metavalue detected, returning 0
# KERNEL: Time: 40 ns,  Iteration: 4,  Instance: /PipelinedCPU_tb/UUT/u7,  Process: computation.
# KERNEL: WARNING: NUMERIC_STD.TO_INTEGER: metavalue detected, returning 0
# KERNEL: Time: 40 ns,  Iteration: 4,  Instance: /PipelinedCPU_tb/UUT/u7,  Process: computation.
# KERNEL: WARNING: NUMERIC_STD.TO_INTEGER: metavalue detected, returning 0
# KERNEL: Time: 120 ns,  Iteration: 1,  Instance: /PipelinedCPU_tb/UUT/u4,  Process: write.
# KERNEL: stopped at time: 2100 ns
run 10000 ns
# KERNEL: WARNING: NUMERIC_STD.TO_INTEGER: metavalue detected, returning 0
# KERNEL: Time: 2640 ns,  Iteration: 2,  Instance: /PipelinedCPU_tb/UUT/u7,  Process: computation.
# KERNEL: WARNING: NUMERIC_STD.TO_INTEGER: metavalue detected, returning 0
# KERNEL: Time: 2640 ns,  Iteration: 2,  Instance: /PipelinedCPU_tb/UUT/u7,  Process: computation.
# KERNEL: WARNING: NUMERIC_STD.TO_INTEGER: metavalue detected, returning 0
# KERNEL: Time: 3040 ns,  Iteration: 2,  Instance: /PipelinedCPU_tb/UUT/u7,  Process: computation.
# KERNEL: WARNING: NUMERIC_STD.TO_INTEGER: metavalue detected, returning 0
# KERNEL: Time: 3040 ns,  Iteration: 2,  Instance: /PipelinedCPU_tb/UUT/u7,  Process: computation.
# KERNEL: WARNING: NUMERIC_STD.TO_INTEGER: metavalue detected, returning 0
# KERNEL: Time: 3200 ns,  Iteration: 2,  Instance: /PipelinedCPU_tb/UUT/u7,  Process: computation.
# KERNEL: WARNING: NUMERIC_STD.TO_INTEGER: metavalue detected, returning 0
# KERNEL: Time: 3200 ns,  Iteration: 2,  Instance: /PipelinedCPU_tb/UUT/u7,  Process: computation.
# KERNEL: WARNING: NUMERIC_STD.TO_INTEGER: metavalue detected, returning 0
# KERNEL: Time: 3640 ns,  Iteration: 2,  Instance: /PipelinedCPU_tb/UUT/u7,  Process: computation.
# KERNEL: WARNING: NUMERIC_STD.TO_INTEGER: metavalue detected, returning 0
# KERNEL: Time: 3640 ns,  Iteration: 2,  Instance: /PipelinedCPU_tb/UUT/u7,  Process: computation.
# RUNTIME: Fatal Error: RUNTIME_0067 PipelinedCPU_tb.vhd (148): Value 29 out of range (0 to 28).
# KERNEL: Time: 3700 ns,  Iteration: 0,  Instance: /PipelinedCPU_tb,  Process: tb1.
# KERNEL: Stopped at time 3700 ns + 0.
# VSIM: Error: Fatal error occurred during simulation.
endsim
# VSIM: Simulation has finished.
acom -O3 -e 100 -work pipelinedmultimediauintdesign -2008  $dsn/src/PipelinedCPU_tb.vhd
# Warning: DAGGEN_0523: The source is compiled without the -dbg switch. Line breakpoints and assertion debug will not be available.
# File: C:/Users/champ/OneDrive/Fall 2021/ESE 345/Programming Assignments/Project 1/FinalProject/PipelinedMultimediaUintDesign/src/PipelinedCPU_tb.vhd
# Compile Entity "PipelinedCPU_tb"
# Compile Architecture "tb" of Entity "PipelinedCPU_tb"
# Compile success 0 Errors 0 Warnings  Analysis time :  94.0 [ms]
asim -O5 +access +r PipelinedCPU_tb tb
# ELBREAD: Elaboration process.
# ELBREAD: Elaboration time 0.1 [s].
# VSIM: Stack memory: 32MB
# VSIM: Retval memory: 32MB
# 
# KERNEL: Main thread initiated.
# KERNEL: Kernel process initialization phase.
# ELAB2: Elaboration final pass...
# ELAB2: Create instances ...
# KERNEL: Time resolution set to 1ps.
# ELAB2: Create instances complete.
# SLP: Started
# SLP: Elaboration phase ...
# SLP: Elaboration phase ... skipped, nothing to simulate in SLP mode : 0.0 [s]
# SLP: Finished : 0.0 [s]
# ELAB2: Elaboration final pass complete - time: 0.1 [s].
# KERNEL: Warning: You are using the Active-HDL Student Edition. The performance of simulation is running at a reduced rate.
# KERNEL: Warning: Contact Aldec for available upgrade options - sales@aldec.com.
# KERNEL: Kernel process initialization done.
# Allocation: Simulator allocated 7348 kB (elbread=1280 elab2=5924 kernel=143 sdf=0)
# KERNEL: ASDB file was created in location C:\Users\champ\OneDrive\Fall 2021\ESE 345\Programming Assignments\Project 1\FinalProject\PipelinedMultimediaUintDesign\src\wave.asdb
#  3:24 PM, Thursday, December 2, 2021
#  Simulation has been initialized
# Waveform file 'untitled.awc' connected to 'C:/Users/champ/OneDrive/Fall 2021/ESE 345/Programming Assignments/Project 1/FinalProject/PipelinedMultimediaUintDesign/src/wave.asdb'.
# Waveform file 'untitled.awc' connected to 'C:/Users/champ/OneDrive/Fall 2021/ESE 345/Programming Assignments/Project 1/FinalProject/PipelinedMultimediaUintDesign/src/wave.asdb'.
# KERNEL: Warning: KERNEL_0291 Signal '/PipelinedCPU_tb/UUT/u4/regWrite' has already been traced.
# KERNEL: Warning: KERNEL_0291 Signal '/PipelinedCPU_tb/UUT/clock' has already been traced.
run 10000 ns
# KERNEL: WARNING: NUMERIC_STD.TO_INTEGER: metavalue detected, returning 0
# KERNEL: Time: 0 ps,  Iteration: 0,  Instance: /PipelinedCPU_tb/UUT/u4,  Process: read.
# KERNEL: WARNING: NUMERIC_STD.TO_INTEGER: metavalue detected, returning 0
# KERNEL: Time: 0 ps,  Iteration: 0,  Instance: /PipelinedCPU_tb/UUT/u4,  Process: read.
# KERNEL: WARNING: NUMERIC_STD.TO_INTEGER: metavalue detected, returning 0
# KERNEL: Time: 0 ps,  Iteration: 0,  Instance: /PipelinedCPU_tb/UUT/u4,  Process: read.
# KERNEL: WARNING: NUMERIC_STD.TO_INTEGER: metavalue detected, returning 0
# KERNEL: Time: 0 ps,  Iteration: 0,  Instance: /PipelinedCPU_tb/UUT/u6,  Process: decode.
# KERNEL: WARNING: NUMERIC_STD.TO_INTEGER: metavalue detected, returning 0
# KERNEL: Time: 0 ps,  Iteration: 0,  Instance: /PipelinedCPU_tb/UUT/u7,  Process: computation.
# KERNEL: WARNING: NUMERIC_STD.TO_INTEGER: metavalue detected, returning 0
# KERNEL: Time: 0 ps,  Iteration: 0,  Instance: /PipelinedCPU_tb/UUT/u7,  Process: computation.
# KERNEL: WARNING: NUMERIC_STD.TO_INTEGER: metavalue detected, returning 0
# KERNEL: Time: 0 ps,  Iteration: 0,  Instance: /PipelinedCPU_tb/UUT/u7,  Process: computation.
# KERNEL: WARNING: NUMERIC_STD.TO_INTEGER: metavalue detected, returning 0
# KERNEL: Time: 0 ps,  Iteration: 1,  Instance: /PipelinedCPU_tb/UUT/u6,  Process: decode.
# KERNEL: WARNING: NUMERIC_STD.TO_INTEGER: metavalue detected, returning 0
# KERNEL: Time: 0 ps,  Iteration: 1,  Instance: /PipelinedCPU_tb/UUT/u7,  Process: computation.
# KERNEL: WARNING: NUMERIC_STD.TO_INTEGER: metavalue detected, returning 0
# KERNEL: Time: 0 ps,  Iteration: 1,  Instance: /PipelinedCPU_tb/UUT/u7,  Process: computation.
# KERNEL: WARNING: NUMERIC_STD.TO_INTEGER: metavalue detected, returning 0
# KERNEL: Time: 0 ps,  Iteration: 1,  Instance: /PipelinedCPU_tb/UUT/u7,  Process: computation.
# KERNEL: WARNING: NUMERIC_STD.TO_INTEGER: metavalue detected, returning 0
# KERNEL: Time: 40 ns,  Iteration: 2,  Instance: /PipelinedCPU_tb/UUT/u4,  Process: read.
# KERNEL: WARNING: NUMERIC_STD.TO_INTEGER: metavalue detected, returning 0
# KERNEL: Time: 40 ns,  Iteration: 2,  Instance: /PipelinedCPU_tb/UUT/u4,  Process: read.
# KERNEL: WARNING: NUMERIC_STD.TO_INTEGER: metavalue detected, returning 0
# KERNEL: Time: 40 ns,  Iteration: 2,  Instance: /PipelinedCPU_tb/UUT/u4,  Process: read.
# KERNEL: WARNING: NUMERIC_STD.TO_INTEGER: metavalue detected, returning 0
# KERNEL: Time: 40 ns,  Iteration: 3,  Instance: /PipelinedCPU_tb/UUT/u6,  Process: decode.
# KERNEL: WARNING: NUMERIC_STD.TO_INTEGER: metavalue detected, returning 0
# KERNEL: Time: 40 ns,  Iteration: 4,  Instance: /PipelinedCPU_tb/UUT/u7,  Process: computation.
# KERNEL: WARNING: NUMERIC_STD.TO_INTEGER: metavalue detected, returning 0
# KERNEL: Time: 40 ns,  Iteration: 4,  Instance: /PipelinedCPU_tb/UUT/u7,  Process: computation.
# KERNEL: WARNING: NUMERIC_STD.TO_INTEGER: metavalue detected, returning 0
# KERNEL: Time: 40 ns,  Iteration: 4,  Instance: /PipelinedCPU_tb/UUT/u7,  Process: computation.
# KERNEL: WARNING: NUMERIC_STD.TO_INTEGER: metavalue detected, returning 0
# KERNEL: Time: 120 ns,  Iteration: 1,  Instance: /PipelinedCPU_tb/UUT/u4,  Process: write.
# KERNEL: WARNING: NUMERIC_STD.TO_INTEGER: metavalue detected, returning 0
# KERNEL: Time: 2640 ns,  Iteration: 2,  Instance: /PipelinedCPU_tb/UUT/u7,  Process: computation.
# KERNEL: WARNING: NUMERIC_STD.TO_INTEGER: metavalue detected, returning 0
# KERNEL: Time: 2640 ns,  Iteration: 2,  Instance: /PipelinedCPU_tb/UUT/u7,  Process: computation.
# KERNEL: WARNING: NUMERIC_STD.TO_INTEGER: metavalue detected, returning 0
# KERNEL: Time: 3040 ns,  Iteration: 2,  Instance: /PipelinedCPU_tb/UUT/u7,  Process: computation.
# KERNEL: WARNING: NUMERIC_STD.TO_INTEGER: metavalue detected, returning 0
# KERNEL: Time: 3040 ns,  Iteration: 2,  Instance: /PipelinedCPU_tb/UUT/u7,  Process: computation.
# KERNEL: WARNING: NUMERIC_STD.TO_INTEGER: metavalue detected, returning 0
# KERNEL: Time: 3200 ns,  Iteration: 2,  Instance: /PipelinedCPU_tb/UUT/u7,  Process: computation.
# KERNEL: WARNING: NUMERIC_STD.TO_INTEGER: metavalue detected, returning 0
# KERNEL: Time: 3200 ns,  Iteration: 2,  Instance: /PipelinedCPU_tb/UUT/u7,  Process: computation.
# KERNEL: WARNING: NUMERIC_STD.TO_INTEGER: metavalue detected, returning 0
# KERNEL: Time: 3640 ns,  Iteration: 2,  Instance: /PipelinedCPU_tb/UUT/u7,  Process: computation.
# KERNEL: WARNING: NUMERIC_STD.TO_INTEGER: metavalue detected, returning 0
# KERNEL: Time: 3640 ns,  Iteration: 2,  Instance: /PipelinedCPU_tb/UUT/u7,  Process: computation.
# KERNEL: stopped at time: 10 us
endsim
# VSIM: Simulation has finished.
acom -O3 -e 100 -work pipelinedmultimediauintdesign -2008  $dsn/src/PipelinedCPU_tb.vhd
# Warning: DAGGEN_0523: The source is compiled without the -dbg switch. Line breakpoints and assertion debug will not be available.
# File: C:/Users/champ/OneDrive/Fall 2021/ESE 345/Programming Assignments/Project 1/FinalProject/PipelinedMultimediaUintDesign/src/PipelinedCPU_tb.vhd
# Compile Entity "PipelinedCPU_tb"
# Compile Architecture "tb" of Entity "PipelinedCPU_tb"
# Compile success 0 Errors 0 Warnings  Analysis time :  0.2 [s]
asim -O5 +access +r PipelinedCPU_tb tb
# ELBREAD: Elaboration process.
# ELBREAD: Elaboration time 0.1 [s].
# VSIM: Stack memory: 32MB
# VSIM: Retval memory: 32MB
# 
# KERNEL: Main thread initiated.
# KERNEL: Kernel process initialization phase.
# ELAB2: Elaboration final pass...
# ELAB2: Create instances ...
# KERNEL: Time resolution set to 1ps.
# ELAB2: Create instances complete.
# SLP: Started
# SLP: Elaboration phase ...
# SLP: Elaboration phase ... skipped, nothing to simulate in SLP mode : 0.0 [s]
# SLP: Finished : 0.0 [s]
# ELAB2: Elaboration final pass complete - time: 0.1 [s].
# KERNEL: Warning: You are using the Active-HDL Student Edition. The performance of simulation is running at a reduced rate.
# KERNEL: Warning: Contact Aldec for available upgrade options - sales@aldec.com.
# KERNEL: Kernel process initialization done.
# Allocation: Simulator allocated 7348 kB (elbread=1280 elab2=5924 kernel=143 sdf=0)
# KERNEL: ASDB file was created in location C:\Users\champ\OneDrive\Fall 2021\ESE 345\Programming Assignments\Project 1\FinalProject\PipelinedMultimediaUintDesign\src\wave.asdb
#  3:28 PM, Thursday, December 2, 2021
#  Simulation has been initialized
# Waveform file 'untitled.awc' connected to 'C:/Users/champ/OneDrive/Fall 2021/ESE 345/Programming Assignments/Project 1/FinalProject/PipelinedMultimediaUintDesign/src/wave.asdb'.
# Waveform file 'untitled.awc' connected to 'C:/Users/champ/OneDrive/Fall 2021/ESE 345/Programming Assignments/Project 1/FinalProject/PipelinedMultimediaUintDesign/src/wave.asdb'.
# KERNEL: Warning: KERNEL_0291 Signal '/PipelinedCPU_tb/UUT/u4/regWrite' has already been traced.
# KERNEL: Warning: KERNEL_0291 Signal '/PipelinedCPU_tb/UUT/clock' has already been traced.
run 10000 ns
# KERNEL: WARNING: NUMERIC_STD.TO_INTEGER: metavalue detected, returning 0
# KERNEL: Time: 0 ps,  Iteration: 0,  Instance: /PipelinedCPU_tb/UUT/u4,  Process: read.
# KERNEL: WARNING: NUMERIC_STD.TO_INTEGER: metavalue detected, returning 0
# KERNEL: Time: 0 ps,  Iteration: 0,  Instance: /PipelinedCPU_tb/UUT/u4,  Process: read.
# KERNEL: WARNING: NUMERIC_STD.TO_INTEGER: metavalue detected, returning 0
# KERNEL: Time: 0 ps,  Iteration: 0,  Instance: /PipelinedCPU_tb/UUT/u4,  Process: read.
# KERNEL: WARNING: NUMERIC_STD.TO_INTEGER: metavalue detected, returning 0
# KERNEL: Time: 0 ps,  Iteration: 0,  Instance: /PipelinedCPU_tb/UUT/u6,  Process: decode.
# KERNEL: WARNING: NUMERIC_STD.TO_INTEGER: metavalue detected, returning 0
# KERNEL: Time: 0 ps,  Iteration: 0,  Instance: /PipelinedCPU_tb/UUT/u7,  Process: computation.
# KERNEL: WARNING: NUMERIC_STD.TO_INTEGER: metavalue detected, returning 0
# KERNEL: Time: 0 ps,  Iteration: 0,  Instance: /PipelinedCPU_tb/UUT/u7,  Process: computation.
# KERNEL: WARNING: NUMERIC_STD.TO_INTEGER: metavalue detected, returning 0
# KERNEL: Time: 0 ps,  Iteration: 0,  Instance: /PipelinedCPU_tb/UUT/u7,  Process: computation.
# KERNEL: WARNING: NUMERIC_STD.TO_INTEGER: metavalue detected, returning 0
# KERNEL: Time: 0 ps,  Iteration: 1,  Instance: /PipelinedCPU_tb/UUT/u6,  Process: decode.
# KERNEL: WARNING: NUMERIC_STD.TO_INTEGER: metavalue detected, returning 0
# KERNEL: Time: 0 ps,  Iteration: 1,  Instance: /PipelinedCPU_tb/UUT/u7,  Process: computation.
# KERNEL: WARNING: NUMERIC_STD.TO_INTEGER: metavalue detected, returning 0
# KERNEL: Time: 0 ps,  Iteration: 1,  Instance: /PipelinedCPU_tb/UUT/u7,  Process: computation.
# KERNEL: WARNING: NUMERIC_STD.TO_INTEGER: metavalue detected, returning 0
# KERNEL: Time: 0 ps,  Iteration: 1,  Instance: /PipelinedCPU_tb/UUT/u7,  Process: computation.
# KERNEL: WARNING: NUMERIC_STD.TO_INTEGER: metavalue detected, returning 0
# KERNEL: Time: 40 ns,  Iteration: 2,  Instance: /PipelinedCPU_tb/UUT/u4,  Process: read.
# KERNEL: WARNING: NUMERIC_STD.TO_INTEGER: metavalue detected, returning 0
# KERNEL: Time: 40 ns,  Iteration: 2,  Instance: /PipelinedCPU_tb/UUT/u4,  Process: read.
# KERNEL: WARNING: NUMERIC_STD.TO_INTEGER: metavalue detected, returning 0
# KERNEL: Time: 40 ns,  Iteration: 2,  Instance: /PipelinedCPU_tb/UUT/u4,  Process: read.
# KERNEL: WARNING: NUMERIC_STD.TO_INTEGER: metavalue detected, returning 0
# KERNEL: Time: 40 ns,  Iteration: 3,  Instance: /PipelinedCPU_tb/UUT/u6,  Process: decode.
# KERNEL: WARNING: NUMERIC_STD.TO_INTEGER: metavalue detected, returning 0
# KERNEL: Time: 40 ns,  Iteration: 4,  Instance: /PipelinedCPU_tb/UUT/u7,  Process: computation.
# KERNEL: WARNING: NUMERIC_STD.TO_INTEGER: metavalue detected, returning 0
# KERNEL: Time: 40 ns,  Iteration: 4,  Instance: /PipelinedCPU_tb/UUT/u7,  Process: computation.
# KERNEL: WARNING: NUMERIC_STD.TO_INTEGER: metavalue detected, returning 0
# KERNEL: Time: 40 ns,  Iteration: 4,  Instance: /PipelinedCPU_tb/UUT/u7,  Process: computation.
# KERNEL: WARNING: NUMERIC_STD.TO_INTEGER: metavalue detected, returning 0
# KERNEL: Time: 120 ns,  Iteration: 1,  Instance: /PipelinedCPU_tb/UUT/u4,  Process: write.
# KERNEL: WARNING: NUMERIC_STD.TO_INTEGER: metavalue detected, returning 0
# KERNEL: Time: 2640 ns,  Iteration: 2,  Instance: /PipelinedCPU_tb/UUT/u7,  Process: computation.
# KERNEL: WARNING: NUMERIC_STD.TO_INTEGER: metavalue detected, returning 0
# KERNEL: Time: 2640 ns,  Iteration: 2,  Instance: /PipelinedCPU_tb/UUT/u7,  Process: computation.
# KERNEL: WARNING: NUMERIC_STD.TO_INTEGER: metavalue detected, returning 0
# KERNEL: Time: 3040 ns,  Iteration: 2,  Instance: /PipelinedCPU_tb/UUT/u7,  Process: computation.
# KERNEL: WARNING: NUMERIC_STD.TO_INTEGER: metavalue detected, returning 0
# KERNEL: Time: 3040 ns,  Iteration: 2,  Instance: /PipelinedCPU_tb/UUT/u7,  Process: computation.
# KERNEL: WARNING: NUMERIC_STD.TO_INTEGER: metavalue detected, returning 0
# KERNEL: Time: 3200 ns,  Iteration: 2,  Instance: /PipelinedCPU_tb/UUT/u7,  Process: computation.
# KERNEL: WARNING: NUMERIC_STD.TO_INTEGER: metavalue detected, returning 0
# KERNEL: Time: 3200 ns,  Iteration: 2,  Instance: /PipelinedCPU_tb/UUT/u7,  Process: computation.
# KERNEL: WARNING: NUMERIC_STD.TO_INTEGER: metavalue detected, returning 0
# KERNEL: Time: 3640 ns,  Iteration: 2,  Instance: /PipelinedCPU_tb/UUT/u7,  Process: computation.
# KERNEL: WARNING: NUMERIC_STD.TO_INTEGER: metavalue detected, returning 0
# KERNEL: Time: 3640 ns,  Iteration: 2,  Instance: /PipelinedCPU_tb/UUT/u7,  Process: computation.
# KERNEL: stopped at time: 10 us
endsim
# VSIM: Simulation has finished.
asim -O5 +access +r PipelinedCPU_tb tb
# ELBREAD: Elaboration process.
# ELBREAD: Elaboration time 0.1 [s].
# VSIM: Stack memory: 32MB
# VSIM: Retval memory: 32MB
# 
# KERNEL: Main thread initiated.
# KERNEL: Kernel process initialization phase.
# ELAB2: Elaboration final pass...
# ELAB2: Create instances ...
# KERNEL: Time resolution set to 1ps.
# ELAB2: Create instances complete.
# SLP: Started
# SLP: Elaboration phase ...
# SLP: Elaboration phase ... skipped, nothing to simulate in SLP mode : 0.0 [s]
# SLP: Finished : 0.0 [s]
# ELAB2: Elaboration final pass complete - time: 0.1 [s].
# KERNEL: Warning: You are using the Active-HDL Student Edition. The performance of simulation is running at a reduced rate.
# KERNEL: Warning: Contact Aldec for available upgrade options - sales@aldec.com.
# KERNEL: Kernel process initialization done.
# Allocation: Simulator allocated 7348 kB (elbread=1280 elab2=5924 kernel=143 sdf=0)
# KERNEL: ASDB file was created in location C:\Users\champ\OneDrive\Fall 2021\ESE 345\Programming Assignments\Project 1\FinalProject\PipelinedMultimediaUintDesign\src\wave.asdb
#  3:34 PM, Thursday, December 2, 2021
#  Simulation has been initialized
# Waveform file 'untitled.awc' connected to 'C:/Users/champ/OneDrive/Fall 2021/ESE 345/Programming Assignments/Project 1/FinalProject/PipelinedMultimediaUintDesign/src/wave.asdb'.
# Waveform file 'untitled.awc' connected to 'C:/Users/champ/OneDrive/Fall 2021/ESE 345/Programming Assignments/Project 1/FinalProject/PipelinedMultimediaUintDesign/src/wave.asdb'.
# KERNEL: Warning: KERNEL_0291 Signal '/PipelinedCPU_tb/UUT/u4/regWrite' has already been traced.
# KERNEL: Warning: KERNEL_0291 Signal '/PipelinedCPU_tb/UUT/clock' has already been traced.
run 10000 ns
# KERNEL: WARNING: NUMERIC_STD.TO_INTEGER: metavalue detected, returning 0
# KERNEL: Time: 0 ps,  Iteration: 0,  Instance: /PipelinedCPU_tb/UUT/u4,  Process: read.
# KERNEL: WARNING: NUMERIC_STD.TO_INTEGER: metavalue detected, returning 0
# KERNEL: Time: 0 ps,  Iteration: 0,  Instance: /PipelinedCPU_tb/UUT/u4,  Process: read.
# KERNEL: WARNING: NUMERIC_STD.TO_INTEGER: metavalue detected, returning 0
# KERNEL: Time: 0 ps,  Iteration: 0,  Instance: /PipelinedCPU_tb/UUT/u4,  Process: read.
# KERNEL: WARNING: NUMERIC_STD.TO_INTEGER: metavalue detected, returning 0
# KERNEL: Time: 0 ps,  Iteration: 0,  Instance: /PipelinedCPU_tb/UUT/u6,  Process: decode.
# KERNEL: WARNING: NUMERIC_STD.TO_INTEGER: metavalue detected, returning 0
# KERNEL: Time: 0 ps,  Iteration: 0,  Instance: /PipelinedCPU_tb/UUT/u7,  Process: computation.
# KERNEL: WARNING: NUMERIC_STD.TO_INTEGER: metavalue detected, returning 0
# KERNEL: Time: 0 ps,  Iteration: 0,  Instance: /PipelinedCPU_tb/UUT/u7,  Process: computation.
# KERNEL: WARNING: NUMERIC_STD.TO_INTEGER: metavalue detected, returning 0
# KERNEL: Time: 0 ps,  Iteration: 0,  Instance: /PipelinedCPU_tb/UUT/u7,  Process: computation.
# KERNEL: WARNING: NUMERIC_STD.TO_INTEGER: metavalue detected, returning 0
# KERNEL: Time: 0 ps,  Iteration: 1,  Instance: /PipelinedCPU_tb/UUT/u6,  Process: decode.
# KERNEL: WARNING: NUMERIC_STD.TO_INTEGER: metavalue detected, returning 0
# KERNEL: Time: 0 ps,  Iteration: 1,  Instance: /PipelinedCPU_tb/UUT/u7,  Process: computation.
# KERNEL: WARNING: NUMERIC_STD.TO_INTEGER: metavalue detected, returning 0
# KERNEL: Time: 0 ps,  Iteration: 1,  Instance: /PipelinedCPU_tb/UUT/u7,  Process: computation.
# KERNEL: WARNING: NUMERIC_STD.TO_INTEGER: metavalue detected, returning 0
# KERNEL: Time: 0 ps,  Iteration: 1,  Instance: /PipelinedCPU_tb/UUT/u7,  Process: computation.
# KERNEL: WARNING: NUMERIC_STD.TO_INTEGER: metavalue detected, returning 0
# KERNEL: Time: 40 ns,  Iteration: 2,  Instance: /PipelinedCPU_tb/UUT/u4,  Process: read.
# KERNEL: WARNING: NUMERIC_STD.TO_INTEGER: metavalue detected, returning 0
# KERNEL: Time: 40 ns,  Iteration: 2,  Instance: /PipelinedCPU_tb/UUT/u4,  Process: read.
# KERNEL: WARNING: NUMERIC_STD.TO_INTEGER: metavalue detected, returning 0
# KERNEL: Time: 40 ns,  Iteration: 2,  Instance: /PipelinedCPU_tb/UUT/u4,  Process: read.
# KERNEL: WARNING: NUMERIC_STD.TO_INTEGER: metavalue detected, returning 0
# KERNEL: Time: 40 ns,  Iteration: 3,  Instance: /PipelinedCPU_tb/UUT/u6,  Process: decode.
# KERNEL: WARNING: NUMERIC_STD.TO_INTEGER: metavalue detected, returning 0
# KERNEL: Time: 40 ns,  Iteration: 4,  Instance: /PipelinedCPU_tb/UUT/u7,  Process: computation.
# KERNEL: WARNING: NUMERIC_STD.TO_INTEGER: metavalue detected, returning 0
# KERNEL: Time: 40 ns,  Iteration: 4,  Instance: /PipelinedCPU_tb/UUT/u7,  Process: computation.
# KERNEL: WARNING: NUMERIC_STD.TO_INTEGER: metavalue detected, returning 0
# KERNEL: Time: 40 ns,  Iteration: 4,  Instance: /PipelinedCPU_tb/UUT/u7,  Process: computation.
# KERNEL: WARNING: NUMERIC_STD.TO_INTEGER: metavalue detected, returning 0
# KERNEL: Time: 120 ns,  Iteration: 1,  Instance: /PipelinedCPU_tb/UUT/u4,  Process: write.
# KERNEL: WARNING: NUMERIC_STD.TO_INTEGER: metavalue detected, returning 0
# KERNEL: Time: 1040 ns,  Iteration: 2,  Instance: /PipelinedCPU_tb/UUT/u7,  Process: computation.
# KERNEL: WARNING: NUMERIC_STD.TO_INTEGER: metavalue detected, returning 0
# KERNEL: Time: 1040 ns,  Iteration: 2,  Instance: /PipelinedCPU_tb/UUT/u7,  Process: computation.
# KERNEL: WARNING: NUMERIC_STD.TO_INTEGER: metavalue detected, returning 0
# KERNEL: Time: 1360 ns,  Iteration: 2,  Instance: /PipelinedCPU_tb/UUT/u4,  Process: read.
# KERNEL: WARNING: NUMERIC_STD.TO_INTEGER: metavalue detected, returning 0
# KERNEL: Time: 1360 ns,  Iteration: 2,  Instance: /PipelinedCPU_tb/UUT/u4,  Process: read.
# KERNEL: WARNING: NUMERIC_STD.TO_INTEGER: metavalue detected, returning 0
# KERNEL: Time: 1360 ns,  Iteration: 2,  Instance: /PipelinedCPU_tb/UUT/u4,  Process: read.
# KERNEL: WARNING: NUMERIC_STD.TO_INTEGER: metavalue detected, returning 0
# KERNEL: Time: 1400 ns,  Iteration: 2,  Instance: /PipelinedCPU_tb/UUT/u4,  Process: read.
# KERNEL: WARNING: NUMERIC_STD.TO_INTEGER: metavalue detected, returning 0
# KERNEL: Time: 1400 ns,  Iteration: 2,  Instance: /PipelinedCPU_tb/UUT/u4,  Process: read.
# KERNEL: WARNING: NUMERIC_STD.TO_INTEGER: metavalue detected, returning 0
# KERNEL: Time: 1400 ns,  Iteration: 2,  Instance: /PipelinedCPU_tb/UUT/u4,  Process: read.
# KERNEL: WARNING: NUMERIC_STD.TO_INTEGER: metavalue detected, returning 0
# KERNEL: Time: 1480 ns,  Iteration: 1,  Instance: /PipelinedCPU_tb/UUT/u4,  Process: write.
# KERNEL: stopped at time: 10 us
endsim
# VSIM: Simulation has finished.
asim -O5 +access +r PipelinedCPU_tb tb
# ELBREAD: Elaboration process.
# ELBREAD: Elaboration time 0.1 [s].
# VSIM: Stack memory: 32MB
# VSIM: Retval memory: 32MB
# 
# KERNEL: Main thread initiated.
# KERNEL: Kernel process initialization phase.
# ELAB2: Elaboration final pass...
# ELAB2: Create instances ...
# KERNEL: Time resolution set to 1ps.
# ELAB2: Create instances complete.
# SLP: Started
# SLP: Elaboration phase ...
# SLP: Elaboration phase ... skipped, nothing to simulate in SLP mode : 0.0 [s]
# SLP: Finished : 0.0 [s]
# ELAB2: Elaboration final pass complete - time: 0.1 [s].
# KERNEL: Warning: You are using the Active-HDL Student Edition. The performance of simulation is running at a reduced rate.
# KERNEL: Warning: Contact Aldec for available upgrade options - sales@aldec.com.
# KERNEL: Kernel process initialization done.
# Allocation: Simulator allocated 7348 kB (elbread=1280 elab2=5924 kernel=143 sdf=0)
# KERNEL: ASDB file was created in location C:\Users\champ\OneDrive\Fall 2021\ESE 345\Programming Assignments\Project 1\FinalProject\PipelinedMultimediaUintDesign\src\wave.asdb
#  3:37 PM, Thursday, December 2, 2021
#  Simulation has been initialized
# Waveform file 'untitled.awc' connected to 'C:/Users/champ/OneDrive/Fall 2021/ESE 345/Programming Assignments/Project 1/FinalProject/PipelinedMultimediaUintDesign/src/wave.asdb'.
# Waveform file 'untitled.awc' connected to 'C:/Users/champ/OneDrive/Fall 2021/ESE 345/Programming Assignments/Project 1/FinalProject/PipelinedMultimediaUintDesign/src/wave.asdb'.
# KERNEL: Warning: KERNEL_0291 Signal '/PipelinedCPU_tb/UUT/u4/regWrite' has already been traced.
# KERNEL: Warning: KERNEL_0291 Signal '/PipelinedCPU_tb/UUT/clock' has already been traced.
run 10000 ns
# KERNEL: WARNING: NUMERIC_STD.TO_INTEGER: metavalue detected, returning 0
# KERNEL: Time: 0 ps,  Iteration: 0,  Instance: /PipelinedCPU_tb/UUT/u4,  Process: read.
# KERNEL: WARNING: NUMERIC_STD.TO_INTEGER: metavalue detected, returning 0
# KERNEL: Time: 0 ps,  Iteration: 0,  Instance: /PipelinedCPU_tb/UUT/u4,  Process: read.
# KERNEL: WARNING: NUMERIC_STD.TO_INTEGER: metavalue detected, returning 0
# KERNEL: Time: 0 ps,  Iteration: 0,  Instance: /PipelinedCPU_tb/UUT/u4,  Process: read.
# KERNEL: WARNING: NUMERIC_STD.TO_INTEGER: metavalue detected, returning 0
# KERNEL: Time: 0 ps,  Iteration: 0,  Instance: /PipelinedCPU_tb/UUT/u6,  Process: decode.
# KERNEL: WARNING: NUMERIC_STD.TO_INTEGER: metavalue detected, returning 0
# KERNEL: Time: 0 ps,  Iteration: 0,  Instance: /PipelinedCPU_tb/UUT/u7,  Process: computation.
# KERNEL: WARNING: NUMERIC_STD.TO_INTEGER: metavalue detected, returning 0
# KERNEL: Time: 0 ps,  Iteration: 0,  Instance: /PipelinedCPU_tb/UUT/u7,  Process: computation.
# KERNEL: WARNING: NUMERIC_STD.TO_INTEGER: metavalue detected, returning 0
# KERNEL: Time: 0 ps,  Iteration: 0,  Instance: /PipelinedCPU_tb/UUT/u7,  Process: computation.
# KERNEL: WARNING: NUMERIC_STD.TO_INTEGER: metavalue detected, returning 0
# KERNEL: Time: 0 ps,  Iteration: 1,  Instance: /PipelinedCPU_tb/UUT/u6,  Process: decode.
# KERNEL: WARNING: NUMERIC_STD.TO_INTEGER: metavalue detected, returning 0
# KERNEL: Time: 0 ps,  Iteration: 1,  Instance: /PipelinedCPU_tb/UUT/u7,  Process: computation.
# KERNEL: WARNING: NUMERIC_STD.TO_INTEGER: metavalue detected, returning 0
# KERNEL: Time: 0 ps,  Iteration: 1,  Instance: /PipelinedCPU_tb/UUT/u7,  Process: computation.
# KERNEL: WARNING: NUMERIC_STD.TO_INTEGER: metavalue detected, returning 0
# KERNEL: Time: 0 ps,  Iteration: 1,  Instance: /PipelinedCPU_tb/UUT/u7,  Process: computation.
# KERNEL: WARNING: NUMERIC_STD.TO_INTEGER: metavalue detected, returning 0
# KERNEL: Time: 40 ns,  Iteration: 2,  Instance: /PipelinedCPU_tb/UUT/u4,  Process: read.
# KERNEL: WARNING: NUMERIC_STD.TO_INTEGER: metavalue detected, returning 0
# KERNEL: Time: 40 ns,  Iteration: 2,  Instance: /PipelinedCPU_tb/UUT/u4,  Process: read.
# KERNEL: WARNING: NUMERIC_STD.TO_INTEGER: metavalue detected, returning 0
# KERNEL: Time: 40 ns,  Iteration: 2,  Instance: /PipelinedCPU_tb/UUT/u4,  Process: read.
# KERNEL: WARNING: NUMERIC_STD.TO_INTEGER: metavalue detected, returning 0
# KERNEL: Time: 40 ns,  Iteration: 3,  Instance: /PipelinedCPU_tb/UUT/u6,  Process: decode.
# KERNEL: WARNING: NUMERIC_STD.TO_INTEGER: metavalue detected, returning 0
# KERNEL: Time: 40 ns,  Iteration: 4,  Instance: /PipelinedCPU_tb/UUT/u7,  Process: computation.
# KERNEL: WARNING: NUMERIC_STD.TO_INTEGER: metavalue detected, returning 0
# KERNEL: Time: 40 ns,  Iteration: 4,  Instance: /PipelinedCPU_tb/UUT/u7,  Process: computation.
# KERNEL: WARNING: NUMERIC_STD.TO_INTEGER: metavalue detected, returning 0
# KERNEL: Time: 40 ns,  Iteration: 4,  Instance: /PipelinedCPU_tb/UUT/u7,  Process: computation.
# KERNEL: WARNING: NUMERIC_STD.TO_INTEGER: metavalue detected, returning 0
# KERNEL: Time: 120 ns,  Iteration: 1,  Instance: /PipelinedCPU_tb/UUT/u4,  Process: write.
# KERNEL: WARNING: NUMERIC_STD.TO_INTEGER: metavalue detected, returning 0
# KERNEL: Time: 840 ns,  Iteration: 2,  Instance: /PipelinedCPU_tb/UUT/u7,  Process: computation.
# KERNEL: WARNING: NUMERIC_STD.TO_INTEGER: metavalue detected, returning 0
# KERNEL: Time: 840 ns,  Iteration: 2,  Instance: /PipelinedCPU_tb/UUT/u7,  Process: computation.
# KERNEL: WARNING: NUMERIC_STD.TO_INTEGER: metavalue detected, returning 0
# KERNEL: Time: 960 ns,  Iteration: 2,  Instance: /PipelinedCPU_tb/UUT/u7,  Process: computation.
# KERNEL: WARNING: NUMERIC_STD.TO_INTEGER: metavalue detected, returning 0
# KERNEL: Time: 960 ns,  Iteration: 2,  Instance: /PipelinedCPU_tb/UUT/u7,  Process: computation.
# KERNEL: WARNING: NUMERIC_STD.TO_INTEGER: metavalue detected, returning 0
# KERNEL: Time: 1040 ns,  Iteration: 2,  Instance: /PipelinedCPU_tb/UUT/u7,  Process: computation.
# KERNEL: WARNING: NUMERIC_STD.TO_INTEGER: metavalue detected, returning 0
# KERNEL: Time: 1040 ns,  Iteration: 2,  Instance: /PipelinedCPU_tb/UUT/u7,  Process: computation.
# KERNEL: WARNING: NUMERIC_STD.TO_INTEGER: metavalue detected, returning 0
# KERNEL: Time: 1360 ns,  Iteration: 2,  Instance: /PipelinedCPU_tb/UUT/u4,  Process: read.
# KERNEL: WARNING: NUMERIC_STD.TO_INTEGER: metavalue detected, returning 0
# KERNEL: Time: 1360 ns,  Iteration: 2,  Instance: /PipelinedCPU_tb/UUT/u4,  Process: read.
# KERNEL: WARNING: NUMERIC_STD.TO_INTEGER: metavalue detected, returning 0
# KERNEL: Time: 1360 ns,  Iteration: 2,  Instance: /PipelinedCPU_tb/UUT/u4,  Process: read.
# KERNEL: WARNING: NUMERIC_STD.TO_INTEGER: metavalue detected, returning 0
# KERNEL: Time: 1400 ns,  Iteration: 2,  Instance: /PipelinedCPU_tb/UUT/u4,  Process: read.
# KERNEL: WARNING: NUMERIC_STD.TO_INTEGER: metavalue detected, returning 0
# KERNEL: Time: 1400 ns,  Iteration: 2,  Instance: /PipelinedCPU_tb/UUT/u4,  Process: read.
# KERNEL: WARNING: NUMERIC_STD.TO_INTEGER: metavalue detected, returning 0
# KERNEL: Time: 1400 ns,  Iteration: 2,  Instance: /PipelinedCPU_tb/UUT/u4,  Process: read.
# KERNEL: WARNING: NUMERIC_STD.TO_INTEGER: metavalue detected, returning 0
# KERNEL: Time: 1480 ns,  Iteration: 1,  Instance: /PipelinedCPU_tb/UUT/u4,  Process: write.
# KERNEL: stopped at time: 10 us
endsim
# VSIM: Simulation has finished.
