Active-HDL 11.1.262.7351 2021-12-02 15:37:46

Elaboration top modules:
Architecture                  tb(PipelinedCPU_tb)


----------------------------------------------------------------------------------------------------------------------------------
Entity                      | Architecture | Library                       | Info | Compiler Version        | Compilation Options
----------------------------------------------------------------------------------------------------------------------------------
PipelinedCPU_tb             | tb           | pipelinedmultimediauintdesign |      | 11.1.262.7351 (Windows) | -O3 -2008
PipelinedCPU                | structure    | pipelinedmultimediauintdesign |      | 11.1.262.7351 (Windows) | -O3 -2008
InstructionBuffer           | behavioral   | pipelinedmultimediauintdesign |      | 11.1.262.7351 (Windows) | -O3 -2008
ProgramCounter              | behavioral   | pipelinedmultimediauintdesign |      | 11.1.262.7351 (Windows) | -O3 -2008
InstructionFetchDecodeReg   | behavioral   | pipelinedmultimediauintdesign |      | 11.1.262.7351 (Windows) | -O3 -2008
Control                     | behavioral   | pipelinedmultimediauintdesign |      | 11.1.262.7351 (Windows) | -O3 -2008
RegisterFile                | behavioral   | pipelinedmultimediauintdesign |      | 11.1.262.7351 (Windows) | -O3 -2008
InstructionDecodeExecuteReg | behavioral   | pipelinedmultimediauintdesign |      | 11.1.262.7351 (Windows) | -O3 -2008
ALURegisterDecoder          | behavioral   | pipelinedmultimediauintdesign |      | 11.1.262.7351 (Windows) | -O3 -2008
ALU                         | behavioral   | pipelinedmultimediauintdesign |      | 11.1.262.7351 (Windows) | -O3 -2008
ExecuteWriteBackReg         | behavioral   | pipelinedmultimediauintdesign |      | 11.1.262.7351 (Windows) | -O3 -2008
ForwardingUnit              | behavioral   | pipelinedmultimediauintdesign |      | 11.1.262.7351 (Windows) | -O3 -2008
----------------------------------------------------------------------------------------------------------------------------------

----------------------------------------------------------------------------------------------------------------------------------
VHDL Package                               | Library                       | Info | Compiler Version        | Compilation Options
----------------------------------------------------------------------------------------------------------------------------------
standard                                   | std                           |      |                         | <unavailable>
TEXTIO                                     | std                           |      |                         | <unavailable>
std_logic_1164                             | ieee                          |      |                         | <unavailable>
NUMERIC_STD                                | ieee                          |      |                         | <unavailable>
STD_LOGIC_TEXTIO                           | ieee                          |      |                         | <unavailable>
MATH_REAL                                  | ieee                          |      |                         | <unavailable>
----------------------------------------------------------------------------------------------------------------------------------

----------------------------------------------------------------------------------------------------------------------------------
Library                                    | Comment
----------------------------------------------------------------------------------------------------------------------------------
ieee                                       | Standard IEEE packages library
pipelinedmultimediauintdesign              | None
std                                        | Standard VHDL library
----------------------------------------------------------------------------------------------------------------------------------


Simulation Options: asim -O5 +access +r PipelinedCPU_tb tb


The performance of simulation is reduced. Version Student Edition
